2026-02-24 09:43:15.095 | INFO     | __main__:_load_config_from_yaml:930 - ✅ Loaded ALL parameters from RapidRotationConfig (v6.32)
2026-02-24 09:43:15.095 | INFO     | __main__:_load_config_from_yaml:931 -    SL range: 3.0%-4.0%
2026-02-24 09:43:15.095 | INFO     | __main__:_load_config_from_yaml:932 -    Max positions: 2
2026-02-24 09:43:15.095 | INFO     | __main__:_load_config_from_yaml:933 -    Regime filter: ENABLED
2026-02-24 09:43:15.095 | INFO     | __main__:_load_config_from_yaml:936 -    Beta filter: LOG-ONLY (beta>=0.5, atr>=3.0%)
2026-02-24 09:43:15.096 | INFO     | engine.rate_limiter:__init__:78 - AlpacaAPI initialized: 150 req/60s (150 req/min)
2026-02-24 09:43:15.096 | INFO     | engine.brokers.alpaca_broker:__init__:222 - ✅ Rate limiter enabled (150 req/min)
2026-02-24 09:43:15.096 | INFO     | engine.brokers.alpaca_broker:__init__:227 - AlpacaBroker initialized (paper)
2026-02-24 09:43:15.336 | INFO     | api.base_client:_load_disk_cache:220 - 📦 Loaded 11 cached items from disk
2026-02-24 09:43:15.340 | INFO     | api.base_client:_cleanup_disk_cache:276 - 🧹 Disk cache cleanup: removed 1 files, 7.9MB remaining
2026-02-24 09:43:15.439 | INFO     | api.base_client:_load_disk_cache:220 - 📦 Loaded 11 cached items from disk
2026-02-24 09:43:15.540 | INFO     | api.base_client:_load_disk_cache:220 - 📦 Loaded 11 cached items from disk
2026-02-24 09:43:15.542 | INFO     | api.data_manager:__init__:80 - DataManager initialized with primary: yahoo, backup: tiingo, price_backup: tiingo, broker: Yes
2026-02-24 09:43:15.542 | INFO     | __main__:__init__:453 - DataManager initialized with broker integration
2026-02-24 09:43:15.543 | INFO     | trading_safety:_load_from_rapid_config:145 - Safety config loaded from RapidRotationConfig
2026-02-24 09:43:15.543 | DEBUG    | trading_safety:_load_from_rapid_config:146 -   DAILY_LOSS_LIMIT: 5.0%
2026-02-24 09:43:15.543 | DEBUG    | trading_safety:_load_from_rapid_config:147 -   MAX_POSITIONS: 2
2026-02-24 09:43:15.543 | DEBUG    | trading_safety:_load_from_rapid_config:148 -   MAX_HOLD_DAYS: 7
2026-02-24 09:43:15.543 | INFO     | trading_safety:__init__:129 - Trading Safety System initialized
2026-02-24 09:43:15.543 | INFO     | pdt_smart_guard:_load_entry_dates:358 - PDT Guard: Loaded 2 entry dates from database
2026-02-24 09:43:15.543 | INFO     | pdt_smart_guard:__init__:266 - PDT Smart Guard v2.4 initialized (DB-enabled, No Override Mode)
2026-02-24 09:43:15.543 | INFO     | pdt_smart_guard:__init__:267 -   Storage: Database
2026-02-24 09:43:15.543 | INFO     | pdt_smart_guard:__init__:268 -   SL Threshold: -3.5%
2026-02-24 09:43:15.543 | INFO     | pdt_smart_guard:__init__:269 -   TP Threshold: 8.0%
2026-02-24 09:43:15.543 | INFO     | pdt_smart_guard:__init__:270 -   Reserve: 1 day trades
2026-02-24 09:43:15.543 | INFO     | pdt_smart_guard:__init__:271 -   Budget = 0 → HOLD (ไม่ override PDT เด็ดขาด)
2026-02-24 09:43:15.544 | INFO     | __main__:__init__:467 - PDT Smart Guard v2.3 initialized (No Override - uses RapidRotationConfig)
2026-02-24 09:43:15.544 | INFO     | trade_logger:_load_today_logs:385 - Loaded 2 logs from /home/saengtawan/work/project/cc/stock-analyzer/trade_logs/trade_log_2026-02-23.json
2026-02-24 09:43:15.556 | INFO     | trade_logger:_backfill_missing_logs:322 - 📦 Backfilled 1 missing trade records from JSON logs to DB
2026-02-24 09:43:15.556 | INFO     | trade_logger:__init__:235 - TradeLogger initialized - logs: /home/saengtawan/work/project/cc/stock-analyzer/trade_logs, db: /home/saengtawan/work/project/cc/stock-analyzer/data/trade_history.db (direct SQLite)
2026-02-24 09:43:15.556 | INFO     | __main__:__init__:471 - Trade Logger v1.0 initialized
2026-02-24 09:43:15.557 | INFO     | alert_manager:__init__:54 - AlertManager using database storage
2026-02-24 09:43:15.557 | INFO     | __main__:__init__:476 - Alert Manager v1.0 initialized
2026-02-24 09:43:15.557 | INFO     | filters.entry_protection_filter:__init__:94 - 🛡️ Entry Protection Filter initialized (enabled=True)
2026-02-24 09:43:15.557 | INFO     | filters.entry_protection_filter:__init__:97 -    Layer 1: Adaptive timing (Gap Down <-1.5%: 5min, Mild: 10min, Flat: 15min, Gap Up: 20min)
2026-02-24 09:43:15.557 | INFO     | filters.entry_protection_filter:__init__:100 -    Layer 2: Max VWAP distance 3.0%
2026-02-24 09:43:15.557 | INFO     | filters.entry_protection_filter:__init__:101 -    Layer 3: Max chase 0.8%
2026-02-24 09:43:15.557 | INFO     | filters.entry_protection_filter:__init__:102 -    Layer 4: Block if in top 20% of range or >2.5% from low
2026-02-24 09:43:15.557 | INFO     | __main__:__init__:482 - ✅ Entry Protection Filter v6.17 initialized
2026-02-24 09:43:15.570 | DEBUG    | screeners.rapid_rotation_screener:__init__:221 - Loaded RapidRotationConfig from /home/saengtawan/work/project/cc/stock-analyzer/config/trading.yaml
2026-02-24 09:43:15.571 | INFO     | screeners.rapid_rotation_screener:_load_sector_cache:858 - 📦 Loaded 248 sectors from cache
2026-02-24 09:43:15.571 | INFO     | screeners.rapid_rotation_screener:_init_ai_universe:459 - ✅ AI Universe Generator initialized
2026-02-24 09:43:15.572 | INFO     | screeners.rapid_rotation_screener:_init_market_regime:469 - ✅ Market Regime Detector initialized
2026-02-24 09:43:15.675 | INFO     | api.base_client:_load_disk_cache:220 - 📦 Loaded 11 cached items from disk
2026-02-24 09:43:15.778 | INFO     | api.base_client:_load_disk_cache:220 - 📦 Loaded 11 cached items from disk
2026-02-24 09:43:15.900 | INFO     | api.base_client:_load_disk_cache:220 - 📦 Loaded 11 cached items from disk
2026-02-24 09:43:15.903 | INFO     | api.data_manager:__init__:80 - DataManager initialized with primary: yahoo, backup: tiingo, price_backup: tiingo, broker: No
2026-02-24 09:43:15.903 | INFO     | sector_regime_detector:update_all_sectors:527 - Updating sector regimes (5-min realtime, MCW)...
2026-02-24 09:43:15.912 | INFO     | sector_regime_detector:_build_sector_company_map:309 - Built sector company map: 550 stocks across 11 sectors (with market weights)
2026-02-24 09:43:15.912 | INFO     | sector_regime_detector:_fetch_stock_based_1d_returns:339 - Batch downloading 550 sector stocks for 1d returns...
2026-02-24 09:43:15.912 | INFO     | api.yahoo_finance_client:_smart_throttle:54 - 🚀 Starting Yahoo Finance session...

1 Failed download:
['FYBR']: YFPricesMissingError('possibly delisted; no price data found  (period=5d)')
2026-02-24 09:43:26.813 | INFO     | api.yahoo_finance_client:batch_download_prices:644 - Batch downloaded 550 symbols (5 rows)
2026-02-24 09:43:26.834 | DEBUG    | sector_regime_detector:_fetch_stock_based_1d_returns:401 - Technology (XLK): MCW 1d = -1.20% (50/50 stocks, weight=88.7%)
2026-02-24 09:43:26.835 | DEBUG    | sector_regime_detector:_fetch_stock_based_1d_returns:401 - Energy (XLE): MCW 1d = +0.37% (50/50 stocks, weight=91.6%)
2026-02-24 09:43:26.835 | DEBUG    | sector_regime_detector:_fetch_stock_based_1d_returns:401 - Financial Services (XLF): MCW 1d = -3.39% (50/50 stocks, weight=77.4%)
2026-02-24 09:43:26.835 | DEBUG    | sector_regime_detector:_fetch_stock_based_1d_returns:401 - Healthcare (XLV): MCW 1d = +1.19% (50/50 stocks, weight=81.4%)
2026-02-24 09:43:26.835 | DEBUG    | sector_regime_detector:_fetch_stock_based_1d_returns:401 - Consumer Cyclical (XLY): MCW 1d = -2.32% (50/50 stocks, weight=85.9%)
2026-02-24 09:43:26.835 | DEBUG    | sector_regime_detector:_fetch_stock_based_1d_returns:401 - Consumer Defensive (XLP): MCW 1d = +1.49% (50/50 stocks, weight=96.5%)
2026-02-24 09:43:26.836 | DEBUG    | sector_regime_detector:_fetch_stock_based_1d_returns:401 - Industrials (XLI): MCW 1d = -0.96% (50/50 stocks, weight=68.9%)
2026-02-24 09:43:26.836 | DEBUG    | sector_regime_detector:_fetch_stock_based_1d_returns:401 - Utilities (XLU): MCW 1d = +0.62% (50/50 stocks, weight=97.4%)
2026-02-24 09:43:26.836 | DEBUG    | sector_regime_detector:_fetch_stock_based_1d_returns:401 - Basic Materials (XLB): MCW 1d = +0.74% (50/50 stocks, weight=92.7%)
2026-02-24 09:43:26.836 | DEBUG    | sector_regime_detector:_fetch_stock_based_1d_returns:401 - Communication Services (XLC): MCW 1d = -1.51% (49/50 stocks, weight=99.0%)
2026-02-24 09:43:26.836 | DEBUG    | sector_regime_detector:_fetch_stock_based_1d_returns:401 - Real Estate (XLRE): MCW 1d = +0.11% (50/50 stocks, weight=81.8%)
2026-02-24 09:43:26.836 | INFO     | sector_regime_detector:_fetch_stock_based_1d_returns:407 - Market-cap weighted 1d returns calculated for 11 sectors
2026-02-24 09:43:26.836 | INFO     | sector_regime_detector:update_all_sectors:532 - Using market-cap weighted 1d returns for 11 sectors
2026-02-24 09:43:28.139 | DEBUG    | api.yahoo_finance_client:get_price_data:151 - ✅ Retrieved 20 rows for XLK
2026-02-24 09:43:28.147 | INFO     | sector_regime_detector:update_all_sectors:574 - XLK (Technology): SIDEWAYS (score=-1.8) | 1d[M]: -1.2% | 5d: -0.7% | 20d: -5.18%
2026-02-24 09:43:29.374 | DEBUG    | api.yahoo_finance_client:get_price_data:151 - ✅ Retrieved 20 rows for XLE
2026-02-24 09:43:29.375 | INFO     | sector_regime_detector:update_all_sectors:574 - XLE (Energy): BULL (score=+4.0) | 1d[M]: +0.4% | 5d: +2.6% | 20d: +12.05%
2026-02-24 09:43:30.605 | DEBUG    | api.yahoo_finance_client:get_price_data:151 - ✅ Retrieved 20 rows for XLF
2026-02-24 09:43:30.605 | INFO     | sector_regime_detector:update_all_sectors:574 - XLF (Financial Services): BEAR (score=-3.5) | 1d[M]: -3.4% | 5d: -2.8% | 20d: -5.02%
2026-02-24 09:43:31.834 | DEBUG    | api.yahoo_finance_client:get_price_data:151 - ✅ Retrieved 20 rows for XLV
2026-02-24 09:43:31.835 | INFO     | sector_regime_detector:update_all_sectors:574 - XLV (Healthcare): SIDEWAYS (score=+0.9) | 1d[M]: +1.2% | 5d: +0.7% | 20d: +0.28%
2026-02-24 09:43:32.935 | DEBUG    | api.yahoo_finance_client:get_price_data:151 - ✅ Retrieved 20 rows for XLY
2026-02-24 09:43:32.935 | INFO     | sector_regime_detector:update_all_sectors:574 - XLY (Consumer Cyclical): BEAR (score=-3.1) | 1d[M]: -2.3% | 5d: -0.9% | 20d: -5.99%
2026-02-24 09:43:34.165 | DEBUG    | api.yahoo_finance_client:get_price_data:151 - ✅ Retrieved 20 rows for XLP
2026-02-24 09:43:34.165 | INFO     | sector_regime_detector:update_all_sectors:574 - XLP (Consumer Defensive): BULL (score=+3.0) | 1d[M]: +1.5% | 5d: +0.9% | 20d: +7.48%
2026-02-24 09:43:35.731 | DEBUG    | api.yahoo_finance_client:get_price_data:151 - ✅ Retrieved 20 rows for XLI
2026-02-24 09:43:35.731 | INFO     | sector_regime_detector:update_all_sectors:574 - XLI (Industrials): SIDEWAYS (score=+0.8) | 1d[M]: -1.0% | 5d: -0.1% | 20d: +6.36%
2026-02-24 09:43:37.207 | DEBUG    | api.yahoo_finance_client:get_price_data:151 - ✅ Retrieved 20 rows for XLU
2026-02-24 09:43:37.207 | INFO     | sector_regime_detector:update_all_sectors:574 - XLU (Utilities): BULL (score=+2.8) | 1d[M]: +0.6% | 5d: +0.6% | 20d: +8.89%
2026-02-24 09:43:38.693 | DEBUG    | api.yahoo_finance_client:get_price_data:151 - ✅ Retrieved 20 rows for XLB
2026-02-24 09:43:38.694 | INFO     | sector_regime_detector:update_all_sectors:574 - XLB (Basic Materials): BULL (score=+1.7) | 1d[M]: +0.7% | 5d: +0.5% | 20d: +5.86%
2026-02-24 09:43:40.152 | DEBUG    | api.yahoo_finance_client:get_price_data:151 - ✅ Retrieved 20 rows for XLC
2026-02-24 09:43:40.152 | INFO     | sector_regime_detector:update_all_sectors:574 - XLC (Communication Services): SIDEWAYS (score=-0.8) | 1d[M]: -1.5% | 5d: +0.8% | 20d: -2.05%
2026-02-24 09:43:41.726 | DEBUG    | api.yahoo_finance_client:get_price_data:151 - ✅ Retrieved 20 rows for XLRE
2026-02-24 09:43:41.726 | INFO     | sector_regime_detector:update_all_sectors:574 - XLRE (Real Estate): SIDEWAYS (score=+0.9) | 1d[M]: +0.1% | 5d: -0.8% | 20d: +5.80%
2026-02-24 09:43:41.726 | INFO     | screeners.rapid_rotation_screener:_init_sector_regime:483 - ✅ Sector Regime Detector initialized
2026-02-24 09:43:41.733 | INFO     | screeners.rapid_rotation_screener:_init_alt_data:493 - ✅ Alternative Data Aggregator initialized (6 sources)
2026-02-24 09:43:41.733 | INFO     | strategies.strategy_manager:register:48 - ✅ Registered strategy: Dip-Bounce (dip_bounce)
2026-02-24 09:43:41.740 | INFO     | strategies.vix_adaptive.engine_integration:__init__:66 - VIX Adaptive v3.0: Loading...
2026-02-24 09:43:41.804 | INFO     | strategies.vix_adaptive.engine_integration:__init__:76 - VIX data loaded: VIXDataProvider(251 days, VIX range: 13.5-52.3)
2026-02-24 09:43:41.804 | INFO     | strategies.vix_adaptive.engine_integration:__init__:93 - Initial VIX: 21.01 → tier=SKIP
2026-02-24 09:43:41.804 | INFO     | strategies.vix_adaptive.engine_integration:__init__:99 - ✅ VIX Adaptive v3.0 initialized
2026-02-24 09:43:41.804 | INFO     | strategies.vix_adaptive.engine_integration:__init__:100 -    Boundaries: {'normal_max': 20, 'skip_max': 24, 'high_max': 38}
2026-02-24 09:43:41.804 | INFO     | strategies.vix_adaptive.engine_integration:__init__:101 -    Score adaptation: True
2026-02-24 09:43:41.804 | INFO     | strategies.vix_adaptive_strategy_wrapper:__init__:48 - ✅ VIX Adaptive wrapper initialized: VIXAdaptiveIntegration(tier=SKIP, VIX=21.0)
2026-02-24 09:43:41.804 | INFO     | strategies.strategy_manager:register:48 - ✅ Registered strategy: VIX Adaptive (vix_adaptive)
2026-02-24 09:43:41.804 | INFO     | screeners.rapid_rotation_screener:_init_strategy_manager:542 - ✅ VIX Adaptive registered (tier=skip)
2026-02-24 09:43:41.804 | INFO     | screeners.rapid_rotation_screener:_init_strategy_manager:546 - ✅ Strategy Manager initialized (2 strategies active)
2026-02-24 09:43:41.804 | INFO     | filters.sector_filter:__init__:53 - 🏭 Sector Filter initialized (enabled=True)
2026-02-24 09:43:41.804 | INFO     | filters.sector_filter:__init__:54 -    Excluding sectors: Aerospace, Aerospace & Defense, Basic Materials, Communication Services, Consumer Defensive, Consumer Staples, Energy, Energy/Oil, Materials, Media, Oil & Gas
2026-02-24 09:43:41.804 | INFO     | __main__:__init__:492 - Screener initialized
2026-02-24 09:43:41.805 | INFO     | filters.sector_filter:__init__:53 - 🏭 Sector Filter initialized (enabled=True)
2026-02-24 09:43:41.805 | INFO     | filters.sector_filter:__init__:54 -    Excluding sectors: Aerospace, Aerospace & Defense, Basic Materials, Communication Services, Consumer Defensive, Consumer Staples, Energy, Energy/Oil, Materials, Media, Oil & Gas
2026-02-24 09:43:41.805 | INFO     | __main__:__init__:505 - OvernightGapScanner initialized
2026-02-24 09:43:41.805 | INFO     | __main__:__init__:520 - ✅ PreMarketGapScanner initialized (v6.11)
2026-02-24 09:43:41.806 | INFO     | filters.sector_filter:__init__:53 - 🏭 Sector Filter initialized (enabled=True)
2026-02-24 09:43:41.806 | INFO     | filters.sector_filter:__init__:54 -    Excluding sectors: Aerospace, Aerospace & Defense, Basic Materials, Communication Services, Consumer Defensive, Consumer Staples, Energy, Energy/Oil, Materials, Media, Oil & Gas
2026-02-24 09:43:41.806 | INFO     | __main__:__init__:534 - ✅ PEMScreener initialized (v6.29)
2026-02-24 09:43:41.808 | INFO     | strategies.vix_adaptive.engine_integration:__init__:66 - VIX Adaptive v3.0: Loading...
2026-02-24 09:43:41.857 | INFO     | strategies.vix_adaptive.engine_integration:__init__:76 - VIX data loaded: VIXDataProvider(251 days, VIX range: 13.5-52.3)
2026-02-24 09:43:41.858 | INFO     | strategies.vix_adaptive.engine_integration:__init__:93 - Initial VIX: 21.01 → tier=SKIP
2026-02-24 09:43:41.858 | INFO     | strategies.vix_adaptive.engine_integration:__init__:99 - ✅ VIX Adaptive v3.0 initialized
2026-02-24 09:43:41.858 | INFO     | strategies.vix_adaptive.engine_integration:__init__:100 -    Boundaries: {'normal_max': 20, 'skip_max': 24, 'high_max': 38}
2026-02-24 09:43:41.858 | INFO     | strategies.vix_adaptive.engine_integration:__init__:101 -    Score adaptation: True
2026-02-24 09:43:41.858 | INFO     | __main__:__init__:546 - ✅ VIX Adaptive Strategy initialized: VIXAdaptiveIntegration(tier=SKIP, VIX=21.0)
2026-02-24 09:43:41.858 | INFO     | __main__:__init__:553 - SLTPCalculator initialized
2026-02-24 09:43:42.631 | INFO     | engine.monitoring_metrics:__init__:131 - MonitoringMetrics initialized (window: 3600s)
2026-02-24 09:43:42.877 | INFO     | __main__:_sync_positions:1665 - ✅ Synced 0 positions
2026-02-24 09:43:43.118 | INFO     | pdt_smart_guard:log_status:624 - ==================================================
2026-02-24 09:43:43.119 | INFO     | pdt_smart_guard:log_status:625 - PDT SMART GUARD STATUS
2026-02-24 09:43:43.119 | INFO     | pdt_smart_guard:log_status:626 - ==================================================
2026-02-24 09:43:43.119 | INFO     | pdt_smart_guard:log_status:627 - Day Trades: 0/3 (remaining: 3)
2026-02-24 09:43:43.119 | INFO     | pdt_smart_guard:log_status:628 - Reserve Active: False
2026-02-24 09:43:43.119 | INFO     | pdt_smart_guard:log_status:629 - Flagged: True
2026-02-24 09:43:43.119 | INFO     | pdt_smart_guard:log_status:632 - Positions:
2026-02-24 09:43:43.119 | INFO     | pdt_smart_guard:log_status:635 -   KHC: Day 4
2026-02-24 09:43:43.119 | INFO     | pdt_smart_guard:log_status:635 -   FAST: Day 9
2026-02-24 09:43:43.119 | INFO     | pdt_smart_guard:log_status:637 - ==================================================
2026-02-24 09:43:43.121 | INFO     | __main__:_load_loss_counters:3114 - Loaded loss counters from database: consecutive=1, weekly_pnl=$7.92, sectors=6
2026-02-24 09:43:43.121 | INFO     | __main__:__init__:622 - AutoTradingEngine initialized (paper=True)
2026-02-24 09:43:43.122 | INFO     | __main__:_run_loop:7051 - Trading loop started
2026-02-24 09:43:43.122 | INFO     | __main__:start:6207 - Trading engine started
2026-02-24 09:43:43.620 | DEBUG    | __main__:_save_market_closed_cache:1423 - 💾 DB: Market closed status saved
2026-02-24 09:43:43.623 | INFO     | __main__:_loop_evening_prefilter:6590 - 🌙 Evening pre-filter scan triggered at 21:43 ET (full 987 stocks)
2026-02-24 09:43:43.624 | ERROR    | __main__:_write_heartbeat:7180 - Failed to write cron schedule: 'NoneType' object has no attribute 'get'
2026-02-24 09:43:43.630 | ERROR    | __main__:_write_heartbeat:7182 - Traceback (most recent call last):
  File "/home/saengtawan/work/project/cc/stock-analyzer/src/auto_trading_engine.py", line 7174, in _write_heartbeat
    cron_schedule = self._get_cron_schedule()
                    ^^^^^^^^^^^^^^^^^^^^^^^^^
  File "/home/saengtawan/work/project/cc/stock-analyzer/src/auto_trading_engine.py", line 7374, in _get_cron_schedule
    'error': getattr(self, '_evening_prefilter_error', {}).get('message') if getattr(self, '_evening_prefilter_error', {}).get('date') == today else None
                                                                             ^^^^^^^^^^^^^^^^^^^^^^^^^^^^^^^^^^^^^^^^^^^^^^^^^
AttributeError: 'NoneType' object has no attribute 'get'

2026-02-24 09:44:34.308 | INFO     | __main__:signal_handler:7843 - Shutdown signal received
2026-02-24 09:44:34.308 | INFO     | __main__:stop:6216 - Trading engine stopped
