2026-02-26 09:25:02.590 | INFO     | __main__:_load_config_from_yaml:930 - ✅ Loaded ALL parameters from RapidRotationConfig (v6.32)
2026-02-26 09:25:02.590 | INFO     | __main__:_load_config_from_yaml:931 -    SL range: 3.0%-4.0%
2026-02-26 09:25:02.590 | INFO     | __main__:_load_config_from_yaml:932 -    Max positions: 2
2026-02-26 09:25:02.590 | INFO     | __main__:_load_config_from_yaml:933 -    Regime filter: ENABLED
2026-02-26 09:25:02.590 | INFO     | __main__:_load_config_from_yaml:936 -    Beta filter: LOG-ONLY (beta>=0.5, atr>=3.0%)
2026-02-26 09:25:02.590 | INFO     | engine.rate_limiter:__init__:78 - AlpacaAPI initialized: 150 req/60s (150 req/min)
2026-02-26 09:25:02.590 | INFO     | engine.brokers.alpaca_broker:__init__:222 - ✅ Rate limiter enabled (150 req/min)
2026-02-26 09:25:02.590 | INFO     | engine.brokers.alpaca_broker:__init__:227 - AlpacaBroker initialized (paper)
2026-02-26 09:25:02.686 | INFO     | api.base_client:_load_disk_cache:220 - 📦 Loaded 905 cached items from disk
2026-02-26 09:25:02.690 | INFO     | api.base_client:_cleanup_disk_cache:276 - 🧹 Disk cache cleanup: removed 1 files, 5.5MB remaining
2026-02-26 09:25:02.795 | INFO     | api.base_client:_load_disk_cache:220 - 📦 Loaded 916 cached items from disk
2026-02-26 09:25:02.907 | INFO     | api.base_client:_load_disk_cache:220 - 📦 Loaded 916 cached items from disk
2026-02-26 09:25:02.909 | INFO     | api.data_manager:__init__:80 - DataManager initialized with primary: yahoo, backup: tiingo, price_backup: tiingo, broker: Yes
2026-02-26 09:25:02.910 | INFO     | __main__:__init__:453 - DataManager initialized with broker integration
2026-02-26 09:25:02.910 | INFO     | trading_safety:_load_from_rapid_config:145 - Safety config loaded from RapidRotationConfig
2026-02-26 09:25:02.910 | DEBUG    | trading_safety:_load_from_rapid_config:146 -   DAILY_LOSS_LIMIT: 5.0%
2026-02-26 09:25:02.910 | DEBUG    | trading_safety:_load_from_rapid_config:147 -   MAX_POSITIONS: 2
2026-02-26 09:25:02.910 | DEBUG    | trading_safety:_load_from_rapid_config:148 -   MAX_HOLD_DAYS: 7
2026-02-26 09:25:02.910 | INFO     | trading_safety:__init__:129 - Trading Safety System initialized
2026-02-26 09:25:02.918 | INFO     | pdt_smart_guard:_load_entry_dates:358 - PDT Guard: Loaded 2 entry dates from database
2026-02-26 09:25:02.918 | INFO     | pdt_smart_guard:__init__:266 - PDT Smart Guard v2.4 initialized (DB-enabled, No Override Mode)
2026-02-26 09:25:02.918 | INFO     | pdt_smart_guard:__init__:267 -   Storage: Database
2026-02-26 09:25:02.918 | INFO     | pdt_smart_guard:__init__:268 -   SL Threshold: -3.5%
2026-02-26 09:25:02.918 | INFO     | pdt_smart_guard:__init__:269 -   TP Threshold: 8.0%
2026-02-26 09:25:02.918 | INFO     | pdt_smart_guard:__init__:270 -   Reserve: 1 day trades
2026-02-26 09:25:02.918 | INFO     | pdt_smart_guard:__init__:271 -   Budget = 0 → HOLD (ไม่ override PDT เด็ดขาด)
2026-02-26 09:25:02.918 | INFO     | __main__:__init__:467 - PDT Smart Guard v2.3 initialized (No Override - uses RapidRotationConfig)
2026-02-26 09:25:02.919 | INFO     | trade_logger:_load_today_logs:385 - Loaded 1 logs from /home/saengtawan/work/project/cc/stock-analyzer/trade_logs/trade_log_2026-02-25.json
2026-02-26 09:25:02.926 | INFO     | trade_logger:__init__:235 - TradeLogger initialized - logs: /home/saengtawan/work/project/cc/stock-analyzer/trade_logs, db: /home/saengtawan/work/project/cc/stock-analyzer/data/trade_history.db (direct SQLite)
2026-02-26 09:25:02.926 | INFO     | __main__:__init__:471 - Trade Logger v1.0 initialized
2026-02-26 09:25:02.928 | INFO     | alert_manager:__init__:54 - AlertManager using database storage
2026-02-26 09:25:02.928 | INFO     | __main__:__init__:476 - Alert Manager v1.0 initialized
2026-02-26 09:25:02.928 | INFO     | filters.entry_protection_filter:__init__:94 - 🛡️ Entry Protection Filter initialized (enabled=True)
2026-02-26 09:25:02.928 | INFO     | filters.entry_protection_filter:__init__:97 -    Layer 1: Adaptive timing (Gap Down <-1.5%: 5min, Mild: 10min, Flat: 15min, Gap Up: 20min)
2026-02-26 09:25:02.928 | INFO     | filters.entry_protection_filter:__init__:100 -    Layer 2: Max VWAP distance 3.0%
2026-02-26 09:25:02.928 | INFO     | filters.entry_protection_filter:__init__:101 -    Layer 3: Max chase 0.8%
2026-02-26 09:25:02.928 | INFO     | filters.entry_protection_filter:__init__:102 -    Layer 4: Block if in top 20% of range or >2.5% from low
2026-02-26 09:25:02.928 | INFO     | __main__:__init__:482 - ✅ Entry Protection Filter v6.17 initialized
2026-02-26 09:25:02.941 | DEBUG    | screeners.rapid_rotation_screener:__init__:221 - Loaded RapidRotationConfig from /home/saengtawan/work/project/cc/stock-analyzer/config/trading.yaml
2026-02-26 09:25:02.942 | INFO     | screeners.rapid_rotation_screener:_load_sector_cache:857 - 📦 Loaded 824 sectors from cache
2026-02-26 09:25:02.942 | INFO     | screeners.rapid_rotation_screener:_init_ai_universe:460 - ✅ AI Universe Generator initialized
2026-02-26 09:25:02.942 | INFO     | screeners.rapid_rotation_screener:_init_market_regime:470 - ✅ Market Regime Detector initialized
2026-02-26 09:25:03.021 | INFO     | api.base_client:_load_disk_cache:220 - 📦 Loaded 905 cached items from disk
2026-02-26 09:25:03.143 | INFO     | api.base_client:_load_disk_cache:220 - 📦 Loaded 916 cached items from disk
2026-02-26 09:25:03.226 | INFO     | api.base_client:_load_disk_cache:220 - 📦 Loaded 916 cached items from disk
2026-02-26 09:25:03.229 | INFO     | api.data_manager:__init__:80 - DataManager initialized with primary: yahoo, backup: tiingo, price_backup: tiingo, broker: No
2026-02-26 09:25:03.229 | INFO     | sector_regime_detector:update_all_sectors:527 - Updating sector regimes (5-min realtime, MCW)...
2026-02-26 09:25:03.231 | INFO     | sector_regime_detector:_build_sector_company_map:309 - Built sector company map: 550 stocks across 11 sectors (with market weights)
2026-02-26 09:25:03.231 | INFO     | sector_regime_detector:_fetch_stock_based_1d_returns:339 - Batch downloading 550 sector stocks for 1d returns...
2026-02-26 09:25:03.232 | INFO     | api.yahoo_finance_client:_smart_throttle:54 - 🚀 Starting Yahoo Finance session...

1 Failed download:
['FYBR']: YFPricesMissingError('possibly delisted; no price data found  (period=5d)')
2026-02-26 09:25:12.423 | INFO     | api.yahoo_finance_client:batch_download_prices:644 - Batch downloaded 550 symbols (5 rows)
2026-02-26 09:25:12.444 | DEBUG    | sector_regime_detector:_fetch_stock_based_1d_returns:401 - Technology (XLK): MCW 1d = +1.87% (50/50 stocks, weight=88.7%)
2026-02-26 09:25:12.444 | DEBUG    | sector_regime_detector:_fetch_stock_based_1d_returns:401 - Energy (XLE): MCW 1d = -0.48% (50/50 stocks, weight=91.6%)
2026-02-26 09:25:12.445 | DEBUG    | sector_regime_detector:_fetch_stock_based_1d_returns:401 - Financial Services (XLF): MCW 1d = +1.75% (50/50 stocks, weight=77.4%)
2026-02-26 09:25:12.445 | DEBUG    | sector_regime_detector:_fetch_stock_based_1d_returns:401 - Healthcare (XLV): MCW 1d = -0.06% (50/50 stocks, weight=81.4%)
2026-02-26 09:25:12.445 | DEBUG    | sector_regime_detector:_fetch_stock_based_1d_returns:401 - Consumer Cyclical (XLY): MCW 1d = +0.48% (50/50 stocks, weight=85.9%)
2026-02-26 09:25:12.445 | DEBUG    | sector_regime_detector:_fetch_stock_based_1d_returns:401 - Consumer Defensive (XLP): MCW 1d = -0.66% (50/50 stocks, weight=96.5%)
2026-02-26 09:25:12.445 | DEBUG    | sector_regime_detector:_fetch_stock_based_1d_returns:401 - Industrials (XLI): MCW 1d = -0.98% (50/50 stocks, weight=68.9%)
2026-02-26 09:25:12.445 | DEBUG    | sector_regime_detector:_fetch_stock_based_1d_returns:401 - Utilities (XLU): MCW 1d = +0.44% (50/50 stocks, weight=97.4%)
2026-02-26 09:25:12.446 | DEBUG    | sector_regime_detector:_fetch_stock_based_1d_returns:401 - Basic Materials (XLB): MCW 1d = -0.22% (50/50 stocks, weight=92.7%)
2026-02-26 09:25:12.446 | DEBUG    | sector_regime_detector:_fetch_stock_based_1d_returns:401 - Communication Services (XLC): MCW 1d = +1.07% (48/50 stocks, weight=98.9%)
2026-02-26 09:25:12.446 | DEBUG    | sector_regime_detector:_fetch_stock_based_1d_returns:401 - Real Estate (XLRE): MCW 1d = -0.47% (50/50 stocks, weight=81.8%)
2026-02-26 09:25:12.446 | INFO     | sector_regime_detector:_fetch_stock_based_1d_returns:407 - Market-cap weighted 1d returns calculated for 11 sectors
2026-02-26 09:25:12.446 | INFO     | sector_regime_detector:update_all_sectors:532 - Using market-cap weighted 1d returns for 11 sectors
2026-02-26 09:25:13.610 | DEBUG    | api.yahoo_finance_client:get_price_data:151 - ✅ Retrieved 22 rows for XLK
2026-02-26 09:25:13.610 | INFO     | sector_regime_detector:update_all_sectors:574 - XLK (Technology): SIDEWAYS (score=+0.9) | 1d[M]: +1.9% | 5d: +2.0% | 20d: -3.40%
2026-02-26 09:25:15.093 | DEBUG    | api.yahoo_finance_client:get_price_data:151 - ✅ Retrieved 22 rows for XLE
2026-02-26 09:25:15.094 | INFO     | sector_regime_detector:update_all_sectors:574 - XLE (Energy): BULL (score=+1.7) | 1d[M]: -0.5% | 5d: -0.6% | 20d: +10.47%
2026-02-26 09:25:16.337 | DEBUG    | api.yahoo_finance_client:get_price_data:151 - ✅ Retrieved 22 rows for XLF
2026-02-26 09:25:16.337 | INFO     | sector_regime_detector:update_all_sectors:574 - XLF (Financial Services): SIDEWAYS (score=+0.2) | 1d[M]: +1.7% | 5d: -0.5% | 20d: -2.13%
2026-02-26 09:25:17.521 | DEBUG    | api.yahoo_finance_client:get_price_data:151 - ✅ Retrieved 22 rows for XLV
2026-02-26 09:25:17.522 | INFO     | sector_regime_detector:update_all_sectors:574 - XLV (Healthcare): SIDEWAYS (score=+0.4) | 1d[M]: -0.1% | 5d: +0.4% | 20d: +1.53%
2026-02-26 09:25:18.760 | DEBUG    | api.yahoo_finance_client:get_price_data:151 - ✅ Retrieved 22 rows for XLY
2026-02-26 09:25:18.761 | INFO     | sector_regime_detector:update_all_sectors:574 - XLY (Consumer Cyclical): SIDEWAYS (score=-0.4) | 1d[M]: +0.5% | 5d: +0.7% | 20d: -4.56%
2026-02-26 09:25:20.156 | DEBUG    | api.yahoo_finance_client:get_price_data:151 - ✅ Retrieved 22 rows for XLP
2026-02-26 09:25:20.157 | INFO     | sector_regime_detector:update_all_sectors:574 - XLP (Consumer Defensive): BULL (score=+1.6) | 1d[M]: -0.7% | 5d: +1.5% | 20d: +7.03%
2026-02-26 09:25:21.686 | DEBUG    | api.yahoo_finance_client:get_price_data:151 - ✅ Retrieved 22 rows for XLI
2026-02-26 09:25:21.686 | INFO     | sector_regime_detector:update_all_sectors:574 - XLI (Industrials): SIDEWAYS (score=+0.7) | 1d[M]: -1.0% | 5d: -0.4% | 20d: +6.39%
2026-02-26 09:25:22.786 | DEBUG    | api.yahoo_finance_client:get_price_data:151 - ✅ Retrieved 22 rows for XLU
2026-02-26 09:25:22.786 | INFO     | sector_regime_detector:update_all_sectors:574 - XLU (Utilities): BULL (score=+3.5) | 1d[M]: +0.4% | 5d: +2.7% | 20d: +9.05%
2026-02-26 09:25:24.170 | DEBUG    | api.yahoo_finance_client:get_price_data:151 - ✅ Retrieved 22 rows for XLB
2026-02-26 09:25:24.170 | INFO     | sector_regime_detector:update_all_sectors:574 - XLB (Basic Materials): SIDEWAYS (score=+1.3) | 1d[M]: -0.2% | 5d: +0.4% | 20d: +6.16%
2026-02-26 09:25:25.669 | DEBUG    | api.yahoo_finance_client:get_price_data:151 - ✅ Retrieved 22 rows for XLC
2026-02-26 09:25:25.669 | INFO     | sector_regime_detector:update_all_sectors:574 - XLC (Communication Services): SIDEWAYS (score=+0.8) | 1d[M]: +1.1% | 5d: +1.2% | 20d: -0.34%
2026-02-26 09:25:26.831 | DEBUG    | api.yahoo_finance_client:get_price_data:151 - ✅ Retrieved 22 rows for XLRE
2026-02-26 09:25:26.831 | INFO     | sector_regime_detector:update_all_sectors:574 - XLRE (Real Estate): SIDEWAYS (score=+1.0) | 1d[M]: -0.5% | 5d: +0.6% | 20d: +5.31%
2026-02-26 09:25:26.831 | INFO     | screeners.rapid_rotation_screener:_init_sector_regime:484 - ✅ Sector Regime Detector initialized
2026-02-26 09:25:26.831 | INFO     | screeners.rapid_rotation_screener:_init_alt_data:494 - ✅ Alternative Data Aggregator initialized (6 sources)
2026-02-26 09:25:26.831 | INFO     | strategies.strategy_manager:register:48 - ✅ Registered strategy: Dip-Bounce (dip_bounce)
2026-02-26 09:25:26.835 | INFO     | strategies.vix_adaptive.engine_integration:__init__:66 - VIX Adaptive v3.0: Loading...
2026-02-26 09:25:26.903 | INFO     | strategies.vix_adaptive.engine_integration:__init__:76 - VIX data loaded: VIXDataProvider(251 days, VIX range: 13.5-52.3)
2026-02-26 09:25:26.903 | INFO     | strategies.vix_adaptive.engine_integration:__init__:93 - Initial VIX: 17.93 → tier=NORMAL
2026-02-26 09:25:26.903 | INFO     | strategies.vix_adaptive.engine_integration:__init__:99 - ✅ VIX Adaptive v3.0 initialized
2026-02-26 09:25:26.904 | INFO     | strategies.vix_adaptive.engine_integration:__init__:100 -    Boundaries: {'normal_max': 20, 'skip_max': 24, 'high_max': 38}
2026-02-26 09:25:26.904 | INFO     | strategies.vix_adaptive.engine_integration:__init__:101 -    Score adaptation: True
2026-02-26 09:25:26.904 | INFO     | strategies.vix_adaptive_strategy_wrapper:__init__:48 - ✅ VIX Adaptive wrapper initialized: VIXAdaptiveIntegration(tier=NORMAL, VIX=17.9)
2026-02-26 09:25:26.904 | INFO     | strategies.strategy_manager:register:48 - ✅ Registered strategy: VIX Adaptive (vix_adaptive)
2026-02-26 09:25:26.904 | INFO     | screeners.rapid_rotation_screener:_init_strategy_manager:543 - ✅ VIX Adaptive registered (tier=normal)
2026-02-26 09:25:26.904 | INFO     | screeners.rapid_rotation_screener:_init_strategy_manager:547 - ✅ Strategy Manager initialized (2 strategies active)
2026-02-26 09:25:26.904 | INFO     | filters.sector_filter:__init__:53 - 🏭 Sector Filter initialized (enabled=True)
2026-02-26 09:25:26.904 | INFO     | filters.sector_filter:__init__:54 -    Excluding sectors: Aerospace, Aerospace & Defense, Basic Materials, Communication Services, Consumer Defensive, Consumer Staples, Energy, Energy/Oil, Materials, Media, Oil & Gas
2026-02-26 09:25:26.904 | INFO     | __main__:__init__:492 - Screener initialized
2026-02-26 09:25:26.904 | INFO     | filters.sector_filter:__init__:53 - 🏭 Sector Filter initialized (enabled=True)
2026-02-26 09:25:26.904 | INFO     | filters.sector_filter:__init__:54 -    Excluding sectors: Aerospace, Aerospace & Defense, Basic Materials, Communication Services, Consumer Defensive, Consumer Staples, Energy, Energy/Oil, Materials, Media, Oil & Gas
2026-02-26 09:25:26.904 | INFO     | __main__:__init__:505 - OvernightGapScanner initialized
2026-02-26 09:25:26.904 | INFO     | __main__:__init__:520 - ✅ PreMarketGapScanner initialized (v6.11)
2026-02-26 09:25:26.906 | INFO     | filters.sector_filter:__init__:53 - 🏭 Sector Filter initialized (enabled=True)
2026-02-26 09:25:26.906 | INFO     | filters.sector_filter:__init__:54 -    Excluding sectors: Aerospace, Aerospace & Defense, Basic Materials, Communication Services, Consumer Defensive, Consumer Staples, Energy, Energy/Oil, Materials, Media, Oil & Gas
2026-02-26 09:25:26.906 | INFO     | __main__:__init__:534 - ✅ PEMScreener initialized (v6.29)
2026-02-26 09:25:26.909 | INFO     | strategies.vix_adaptive.engine_integration:__init__:66 - VIX Adaptive v3.0: Loading...
2026-02-26 09:25:26.964 | INFO     | strategies.vix_adaptive.engine_integration:__init__:76 - VIX data loaded: VIXDataProvider(251 days, VIX range: 13.5-52.3)
2026-02-26 09:25:26.964 | INFO     | strategies.vix_adaptive.engine_integration:__init__:93 - Initial VIX: 17.93 → tier=NORMAL
2026-02-26 09:25:26.964 | INFO     | strategies.vix_adaptive.engine_integration:__init__:99 - ✅ VIX Adaptive v3.0 initialized
2026-02-26 09:25:26.965 | INFO     | strategies.vix_adaptive.engine_integration:__init__:100 -    Boundaries: {'normal_max': 20, 'skip_max': 24, 'high_max': 38}
2026-02-26 09:25:26.965 | INFO     | strategies.vix_adaptive.engine_integration:__init__:101 -    Score adaptation: True
2026-02-26 09:25:26.965 | INFO     | __main__:__init__:546 - ✅ VIX Adaptive Strategy initialized: VIXAdaptiveIntegration(tier=NORMAL, VIX=17.9)
2026-02-26 09:25:26.965 | INFO     | __main__:__init__:553 - SLTPCalculator initialized
2026-02-26 09:25:27.750 | INFO     | engine.monitoring_metrics:__init__:131 - MonitoringMetrics initialized (window: 3600s)
2026-02-26 09:25:28.006 | INFO     | __main__:_load_positions_state:1035 - Loaded persisted state: 1 positions from DB
2026-02-26 09:25:28.007 | INFO     | __main__:_sync_positions:1545 - Restored position: ETN (peak=$376.40, trail=ON)
2026-02-26 09:25:28.031 | DEBUG    | pdt_smart_guard:record_entry:385 - PDT Guard: Recorded entry for ETN on 2026-02-24 (ET)
2026-02-26 09:25:28.031 | INFO     | __main__:_sync_positions:1699 - ✅ Synced 1 positions
2026-02-26 09:25:28.288 | INFO     | pdt_smart_guard:log_status:624 - ==================================================
2026-02-26 09:25:28.288 | INFO     | pdt_smart_guard:log_status:625 - PDT SMART GUARD STATUS
2026-02-26 09:25:28.288 | INFO     | pdt_smart_guard:log_status:626 - ==================================================
2026-02-26 09:25:28.288 | INFO     | pdt_smart_guard:log_status:627 - Day Trades: 0/3 (remaining: 3)
2026-02-26 09:25:28.288 | INFO     | pdt_smart_guard:log_status:628 - Reserve Active: False
2026-02-26 09:25:28.288 | INFO     | pdt_smart_guard:log_status:629 - Flagged: True
2026-02-26 09:25:28.289 | INFO     | pdt_smart_guard:log_status:632 - Positions:
2026-02-26 09:25:28.289 | INFO     | pdt_smart_guard:log_status:635 -   ETN: Day 1
2026-02-26 09:25:28.289 | INFO     | pdt_smart_guard:log_status:635 -   BWXT: Day 1
2026-02-26 09:25:28.289 | INFO     | pdt_smart_guard:log_status:637 - ==================================================
2026-02-26 09:25:28.302 | DEBUG    | database.repositories.position_repository:sync_positions_scoped:447 - ✅ Scoped sync: 1 positions (sources: ('dip_bounce', 'vix_adaptive', 'mean_reversion', 'rapid_rotation'))
2026-02-26 09:25:28.302 | DEBUG    | __main__:_sync_active_positions_db:998 - ✅ DB synced: 1 positions via PositionRepository
2026-02-26 09:25:28.309 | INFO     | __main__:_load_loss_counters:3148 - Loaded loss counters from database: consecutive=0, weekly_pnl=$52.25, sectors=6
2026-02-26 09:25:28.309 | INFO     | __main__:__init__:622 - AutoTradingEngine initialized (paper=True)
2026-02-26 09:25:28.309 | INFO     | __main__:_run_loop:7169 - Trading loop started
2026-02-26 09:25:28.310 | INFO     | __main__:start:6254 - Trading engine started
2026-02-26 09:25:28.826 | DEBUG    | __main__:_save_market_closed_cache:1423 - 💾 DB: Market closed status saved
2026-02-26 09:25:28.828 | INFO     | __main__:_loop_evening_prefilter:6637 - 🌙 Evening pre-filter scan triggered at 21:25 ET (full 987 stocks)
2026-02-26 09:25:28.830 | DEBUG    | __main__:_write_heartbeat:7296 - ✅ Cron schedule written to /home/saengtawan/work/project/cc/stock-analyzer/data/cron_schedule.json
2026-02-26 09:26:29.078 | DEBUG    | __main__:_write_heartbeat:7296 - ✅ Cron schedule written to /home/saengtawan/work/project/cc/stock-analyzer/data/cron_schedule.json
2026-02-26 09:27:29.326 | DEBUG    | __main__:_write_heartbeat:7296 - ✅ Cron schedule written to /home/saengtawan/work/project/cc/stock-analyzer/data/cron_schedule.json
2026-02-26 09:28:29.578 | DEBUG    | __main__:_write_heartbeat:7296 - ✅ Cron schedule written to /home/saengtawan/work/project/cc/stock-analyzer/data/cron_schedule.json
2026-02-26 09:29:29.831 | DEBUG    | __main__:_write_heartbeat:7296 - ✅ Cron schedule written to /home/saengtawan/work/project/cc/stock-analyzer/data/cron_schedule.json
2026-02-26 09:30:30.083 | DEBUG    | __main__:_write_heartbeat:7296 - ✅ Cron schedule written to /home/saengtawan/work/project/cc/stock-analyzer/data/cron_schedule.json
2026-02-26 09:31:30.336 | DEBUG    | __main__:_write_heartbeat:7296 - ✅ Cron schedule written to /home/saengtawan/work/project/cc/stock-analyzer/data/cron_schedule.json
2026-02-26 09:32:30.588 | DEBUG    | __main__:_write_heartbeat:7296 - ✅ Cron schedule written to /home/saengtawan/work/project/cc/stock-analyzer/data/cron_schedule.json
2026-02-26 09:33:30.836 | DEBUG    | __main__:_write_heartbeat:7296 - ✅ Cron schedule written to /home/saengtawan/work/project/cc/stock-analyzer/data/cron_schedule.json
2026-02-26 09:34:31.090 | DEBUG    | __main__:_write_heartbeat:7296 - ✅ Cron schedule written to /home/saengtawan/work/project/cc/stock-analyzer/data/cron_schedule.json
2026-02-26 09:35:31.337 | DEBUG    | __main__:_write_heartbeat:7296 - ✅ Cron schedule written to /home/saengtawan/work/project/cc/stock-analyzer/data/cron_schedule.json
2026-02-26 09:36:31.580 | DEBUG    | __main__:_write_heartbeat:7296 - ✅ Cron schedule written to /home/saengtawan/work/project/cc/stock-analyzer/data/cron_schedule.json
2026-02-26 09:37:31.826 | DEBUG    | __main__:_write_heartbeat:7296 - ✅ Cron schedule written to /home/saengtawan/work/project/cc/stock-analyzer/data/cron_schedule.json
2026-02-26 09:38:32.073 | DEBUG    | __main__:_write_heartbeat:7296 - ✅ Cron schedule written to /home/saengtawan/work/project/cc/stock-analyzer/data/cron_schedule.json
2026-02-26 09:39:32.316 | DEBUG    | __main__:_write_heartbeat:7296 - ✅ Cron schedule written to /home/saengtawan/work/project/cc/stock-analyzer/data/cron_schedule.json
2026-02-26 09:40:32.568 | DEBUG    | __main__:_write_heartbeat:7296 - ✅ Cron schedule written to /home/saengtawan/work/project/cc/stock-analyzer/data/cron_schedule.json
2026-02-26 09:41:32.816 | DEBUG    | __main__:_write_heartbeat:7296 - ✅ Cron schedule written to /home/saengtawan/work/project/cc/stock-analyzer/data/cron_schedule.json
2026-02-26 09:42:33.064 | DEBUG    | __main__:_write_heartbeat:7296 - ✅ Cron schedule written to /home/saengtawan/work/project/cc/stock-analyzer/data/cron_schedule.json
2026-02-26 09:43:33.317 | DEBUG    | __main__:_write_heartbeat:7296 - ✅ Cron schedule written to /home/saengtawan/work/project/cc/stock-analyzer/data/cron_schedule.json
2026-02-26 09:44:33.563 | DEBUG    | __main__:_write_heartbeat:7296 - ✅ Cron schedule written to /home/saengtawan/work/project/cc/stock-analyzer/data/cron_schedule.json
2026-02-26 09:45:33.815 | DEBUG    | __main__:_write_heartbeat:7296 - ✅ Cron schedule written to /home/saengtawan/work/project/cc/stock-analyzer/data/cron_schedule.json
2026-02-26 09:46:34.066 | DEBUG    | __main__:_write_heartbeat:7296 - ✅ Cron schedule written to /home/saengtawan/work/project/cc/stock-analyzer/data/cron_schedule.json
2026-02-26 09:47:34.319 | DEBUG    | __main__:_write_heartbeat:7296 - ✅ Cron schedule written to /home/saengtawan/work/project/cc/stock-analyzer/data/cron_schedule.json
2026-02-26 09:48:34.568 | DEBUG    | __main__:_write_heartbeat:7296 - ✅ Cron schedule written to /home/saengtawan/work/project/cc/stock-analyzer/data/cron_schedule.json
2026-02-26 09:49:34.820 | DEBUG    | __main__:_write_heartbeat:7296 - ✅ Cron schedule written to /home/saengtawan/work/project/cc/stock-analyzer/data/cron_schedule.json
2026-02-26 09:50:35.070 | DEBUG    | __main__:_write_heartbeat:7296 - ✅ Cron schedule written to /home/saengtawan/work/project/cc/stock-analyzer/data/cron_schedule.json
2026-02-26 09:51:35.319 | DEBUG    | __main__:_write_heartbeat:7296 - ✅ Cron schedule written to /home/saengtawan/work/project/cc/stock-analyzer/data/cron_schedule.json
2026-02-26 09:52:35.567 | DEBUG    | __main__:_write_heartbeat:7296 - ✅ Cron schedule written to /home/saengtawan/work/project/cc/stock-analyzer/data/cron_schedule.json
2026-02-26 09:53:35.824 | DEBUG    | __main__:_write_heartbeat:7296 - ✅ Cron schedule written to /home/saengtawan/work/project/cc/stock-analyzer/data/cron_schedule.json
2026-02-26 09:54:36.072 | DEBUG    | __main__:_write_heartbeat:7296 - ✅ Cron schedule written to /home/saengtawan/work/project/cc/stock-analyzer/data/cron_schedule.json
2026-02-26 09:55:36.325 | DEBUG    | __main__:_write_heartbeat:7296 - ✅ Cron schedule written to /home/saengtawan/work/project/cc/stock-analyzer/data/cron_schedule.json
2026-02-26 09:56:36.580 | DEBUG    | __main__:_write_heartbeat:7296 - ✅ Cron schedule written to /home/saengtawan/work/project/cc/stock-analyzer/data/cron_schedule.json
2026-02-26 09:57:36.829 | DEBUG    | __main__:_write_heartbeat:7296 - ✅ Cron schedule written to /home/saengtawan/work/project/cc/stock-analyzer/data/cron_schedule.json
2026-02-26 09:58:37.079 | DEBUG    | __main__:_write_heartbeat:7296 - ✅ Cron schedule written to /home/saengtawan/work/project/cc/stock-analyzer/data/cron_schedule.json
2026-02-26 09:59:37.331 | DEBUG    | __main__:_write_heartbeat:7296 - ✅ Cron schedule written to /home/saengtawan/work/project/cc/stock-analyzer/data/cron_schedule.json
2026-02-26 10:00:37.589 | DEBUG    | __main__:_write_heartbeat:7296 - ✅ Cron schedule written to /home/saengtawan/work/project/cc/stock-analyzer/data/cron_schedule.json
2026-02-26 10:01:05.674 | INFO     | __main__:signal_handler:7961 - Shutdown signal received
2026-02-26 10:01:05.682 | DEBUG    | database.repositories.position_repository:sync_positions_scoped:447 - ✅ Scoped sync: 1 positions (sources: ('dip_bounce', 'vix_adaptive', 'mean_reversion', 'rapid_rotation'))
2026-02-26 10:01:05.682 | DEBUG    | __main__:_sync_active_positions_db:998 - ✅ DB synced: 1 positions via PositionRepository
2026-02-26 10:01:05.683 | INFO     | __main__:stop:6262 - Saved 1 position(s) state on shutdown
2026-02-26 10:01:05.683 | INFO     | __main__:stop:6263 - Trading engine stopped
