2026-02-19 12:14:40.584 | INFO     | __main__:_load_config_from_yaml:899 - ✅ Loaded ALL parameters from RapidRotationConfig (v6.32)
2026-02-19 12:14:40.584 | INFO     | __main__:_load_config_from_yaml:900 -    SL range: 4.0%-5.0%
2026-02-19 12:14:40.584 | INFO     | __main__:_load_config_from_yaml:901 -    Max positions: 3
2026-02-19 12:14:40.584 | INFO     | __main__:_load_config_from_yaml:902 -    Regime filter: ENABLED
2026-02-19 12:14:40.584 | INFO     | __main__:_load_config_from_yaml:905 -    Beta filter: LOG-ONLY (beta>=0.5, atr>=3.0%)
2026-02-19 12:14:40.584 | INFO     | engine.rate_limiter:__init__:78 - AlpacaAPI initialized: 150 req/60s (150 req/min)
2026-02-19 12:14:40.584 | INFO     | engine.brokers.alpaca_broker:__init__:222 - ✅ Rate limiter enabled (150 req/min)
2026-02-19 12:14:40.584 | INFO     | engine.brokers.alpaca_broker:__init__:227 - AlpacaBroker initialized (paper)
2026-02-19 12:14:40.895 | INFO     | api.base_client:_load_disk_cache:220 - 📦 Loaded 23 cached items from disk
2026-02-19 12:14:41.214 | INFO     | api.base_client:_load_disk_cache:220 - 📦 Loaded 48 cached items from disk
2026-02-19 12:14:41.528 | INFO     | api.base_client:_load_disk_cache:220 - 📦 Loaded 27 cached items from disk
2026-02-19 12:14:41.538 | INFO     | api.data_manager:__init__:80 - DataManager initialized with primary: yahoo, backup: tiingo, price_backup: tiingo, broker: Yes
2026-02-19 12:14:41.538 | INFO     | __main__:__init__:441 - DataManager initialized with broker integration
2026-02-19 12:14:41.538 | INFO     | trading_safety:_load_from_rapid_config:145 - Safety config loaded from RapidRotationConfig
2026-02-19 12:14:41.538 | DEBUG    | trading_safety:_load_from_rapid_config:146 -   DAILY_LOSS_LIMIT: 5.0%
2026-02-19 12:14:41.538 | DEBUG    | trading_safety:_load_from_rapid_config:147 -   MAX_POSITIONS: 3
2026-02-19 12:14:41.538 | DEBUG    | trading_safety:_load_from_rapid_config:148 -   MAX_HOLD_DAYS: 10
2026-02-19 12:14:41.538 | INFO     | trading_safety:__init__:129 - Trading Safety System initialized
2026-02-19 12:14:41.538 | INFO     | pdt_smart_guard:_load_entry_dates:326 - PDT Guard: Loaded 2 entry dates from disk
2026-02-19 12:14:41.538 | INFO     | pdt_smart_guard:__init__:255 - PDT Smart Guard v2.3 initialized (No Override Mode)
2026-02-19 12:14:41.538 | INFO     | pdt_smart_guard:__init__:256 -   SL Threshold: -4.5%
2026-02-19 12:14:41.538 | INFO     | pdt_smart_guard:__init__:257 -   TP Threshold: 6.0%
2026-02-19 12:14:41.538 | INFO     | pdt_smart_guard:__init__:258 -   Reserve: 1 day trades
2026-02-19 12:14:41.538 | INFO     | pdt_smart_guard:__init__:259 -   Budget = 0 → HOLD (ไม่ override PDT เด็ดขาด)
2026-02-19 12:14:41.538 | INFO     | __main__:__init__:455 - PDT Smart Guard v2.3 initialized (No Override - uses RapidRotationConfig)
2026-02-19 12:14:41.545 | INFO     | trade_logger:__init__:235 - TradeLogger initialized - logs: /home/saengtawan/work/project/cc/stock-analyzer/trade_logs, db: /home/saengtawan/work/project/cc/stock-analyzer/data/trade_history.db (direct SQLite)
2026-02-19 12:14:41.545 | INFO     | __main__:__init__:459 - Trade Logger v1.0 initialized
2026-02-19 12:14:41.546 | INFO     | alert_manager:__init__:54 - AlertManager using database storage
2026-02-19 12:14:41.546 | INFO     | __main__:__init__:464 - Alert Manager v1.0 initialized
2026-02-19 12:14:41.546 | INFO     | filters.entry_protection_filter:__init__:94 - 🛡️ Entry Protection Filter initialized (enabled=True)
2026-02-19 12:14:41.546 | INFO     | filters.entry_protection_filter:__init__:97 -    Layer 1: Adaptive timing (Gap Down <-1.5%: 5min, Mild: 10min, Flat: 15min, Gap Up: 20min)
2026-02-19 12:14:41.546 | INFO     | filters.entry_protection_filter:__init__:100 -    Layer 2: Max VWAP distance 3.0%
2026-02-19 12:14:41.546 | INFO     | filters.entry_protection_filter:__init__:101 -    Layer 3: Max chase 0.8%
2026-02-19 12:14:41.546 | INFO     | filters.entry_protection_filter:__init__:102 -    Layer 4: Block if in top 20% of range or >2.5% from low
2026-02-19 12:14:41.546 | INFO     | __main__:__init__:470 - ✅ Entry Protection Filter v6.17 initialized
2026-02-19 12:14:41.558 | DEBUG    | screeners.rapid_rotation_screener:__init__:218 - Loaded RapidRotationConfig from /home/saengtawan/work/project/cc/stock-analyzer/config/trading.yaml
2026-02-19 12:14:41.558 | INFO     | screeners.rapid_rotation_screener:_load_sector_cache:845 - 📦 Loaded 323 sectors from cache
2026-02-19 12:14:41.559 | INFO     | screeners.rapid_rotation_screener:_init_ai_universe:446 - ✅ AI Universe Generator initialized
2026-02-19 12:14:41.559 | INFO     | screeners.rapid_rotation_screener:_init_market_regime:456 - ✅ Market Regime Detector initialized
2026-02-19 12:14:41.857 | INFO     | api.base_client:_load_disk_cache:220 - 📦 Loaded 23 cached items from disk
2026-02-19 12:14:42.186 | INFO     | api.base_client:_load_disk_cache:220 - 📦 Loaded 48 cached items from disk
2026-02-19 12:14:42.494 | INFO     | api.base_client:_load_disk_cache:220 - 📦 Loaded 27 cached items from disk
2026-02-19 12:14:42.504 | INFO     | api.data_manager:__init__:80 - DataManager initialized with primary: yahoo, backup: tiingo, price_backup: tiingo, broker: No
2026-02-19 12:14:42.504 | INFO     | sector_regime_detector:update_all_sectors:527 - Updating sector regimes (5-min realtime, MCW)...
2026-02-19 12:14:42.504 | INFO     | sector_regime_detector:_build_sector_company_map:309 - Built sector company map: 550 stocks across 11 sectors (with market weights)
2026-02-19 12:14:42.504 | INFO     | sector_regime_detector:_fetch_stock_based_1d_returns:339 - Batch downloading 550 sector stocks for 1d returns...
2026-02-19 12:14:42.504 | DEBUG    | api.yahoo_finance_client:batch_download_prices:626 - Cache hit for batch download (550 symbols)
2026-02-19 12:14:42.524 | DEBUG    | sector_regime_detector:_fetch_stock_based_1d_returns:401 - Technology (XLK): MCW 1d = +1.00% (50/50 stocks, weight=88.9%)
2026-02-19 12:14:42.524 | DEBUG    | sector_regime_detector:_fetch_stock_based_1d_returns:401 - Energy (XLE): MCW 1d = +1.82% (50/50 stocks, weight=91.9%)
2026-02-19 12:14:42.524 | DEBUG    | sector_regime_detector:_fetch_stock_based_1d_returns:401 - Financial Services (XLF): MCW 1d = +0.80% (50/50 stocks, weight=77.4%)
2026-02-19 12:14:42.524 | DEBUG    | sector_regime_detector:_fetch_stock_based_1d_returns:401 - Healthcare (XLV): MCW 1d = +0.13% (50/50 stocks, weight=81.7%)
2026-02-19 12:14:42.525 | DEBUG    | sector_regime_detector:_fetch_stock_based_1d_returns:401 - Consumer Cyclical (XLY): MCW 1d = +0.95% (50/50 stocks, weight=86.1%)
2026-02-19 12:14:42.525 | DEBUG    | sector_regime_detector:_fetch_stock_based_1d_returns:401 - Consumer Defensive (XLP): MCW 1d = -0.61% (49/50 stocks, weight=95.8%)
2026-02-19 12:14:42.525 | DEBUG    | sector_regime_detector:_fetch_stock_based_1d_returns:401 - Industrials (XLI): MCW 1d = -0.19% (50/50 stocks, weight=69.1%)
2026-02-19 12:14:42.525 | DEBUG    | sector_regime_detector:_fetch_stock_based_1d_returns:401 - Utilities (XLU): MCW 1d = -1.67% (50/50 stocks, weight=97.4%)
2026-02-19 12:14:42.525 | DEBUG    | sector_regime_detector:_fetch_stock_based_1d_returns:401 - Basic Materials (XLB): MCW 1d = +1.11% (50/50 stocks, weight=92.7%)
2026-02-19 12:14:42.525 | DEBUG    | sector_regime_detector:_fetch_stock_based_1d_returns:401 - Communication Services (XLC): MCW 1d = +0.52% (49/50 stocks, weight=99.0%)
2026-02-19 12:14:42.525 | DEBUG    | sector_regime_detector:_fetch_stock_based_1d_returns:401 - Real Estate (XLRE): MCW 1d = -1.33% (50/50 stocks, weight=82.2%)
2026-02-19 12:14:42.525 | INFO     | sector_regime_detector:_fetch_stock_based_1d_returns:407 - Market-cap weighted 1d returns calculated for 11 sectors
2026-02-19 12:14:42.526 | INFO     | sector_regime_detector:update_all_sectors:532 - Using market-cap weighted 1d returns for 11 sectors
2026-02-19 12:14:42.526 | DEBUG    | api.yahoo_finance_client:get_price_data:120 - 📦 Cache hit for XLK
2026-02-19 12:14:42.526 | INFO     | sector_regime_detector:update_all_sectors:574 - XLK (Technology): SIDEWAYS (score=-0.2) | 1d[M]: +1.0% | 5d: -1.4% | 20d: -0.66%
2026-02-19 12:14:42.526 | DEBUG    | api.yahoo_finance_client:get_price_data:120 - 📦 Cache hit for XLE
2026-02-19 12:14:42.526 | INFO     | sector_regime_detector:update_all_sectors:574 - XLE (Energy): STRONG BULL (score=+4.2) | 1d[M]: +1.8% | 5d: -0.4% | 20d: +15.08%
2026-02-19 12:14:42.526 | DEBUG    | api.yahoo_finance_client:get_price_data:120 - 📦 Cache hit for XLF
2026-02-19 12:14:42.526 | INFO     | sector_regime_detector:update_all_sectors:574 - XLF (Financial Services): SIDEWAYS (score=+0.0) | 1d[M]: +0.8% | 5d: -0.3% | 20d: -1.15%
2026-02-19 12:14:42.526 | DEBUG    | api.yahoo_finance_client:get_price_data:120 - 📦 Cache hit for XLV
2026-02-19 12:14:42.526 | INFO     | sector_regime_detector:update_all_sectors:574 - XLV (Healthcare): SIDEWAYS (score=+0.7) | 1d[M]: +0.1% | 5d: +0.9% | 20d: +1.46%
2026-02-19 12:14:42.526 | DEBUG    | api.yahoo_finance_client:get_price_data:120 - 📦 Cache hit for XLY
2026-02-19 12:14:42.526 | INFO     | sector_regime_detector:update_all_sectors:574 - XLY (Consumer Cyclical): SIDEWAYS (score=-0.1) | 1d[M]: +0.9% | 5d: -0.6% | 20d: -1.76%
2026-02-19 12:14:42.526 | DEBUG    | api.yahoo_finance_client:get_price_data:120 - 📦 Cache hit for XLP
2026-02-19 12:14:42.526 | INFO     | sector_regime_detector:update_all_sectors:574 - XLP (Consumer Defensive): SIDEWAYS (score=+1.0) | 1d[M]: -0.6% | 5d: -0.4% | 20d: +6.90%
2026-02-19 12:14:42.526 | DEBUG    | api.yahoo_finance_client:get_price_data:120 - 📦 Cache hit for XLI
2026-02-19 12:14:42.527 | INFO     | sector_regime_detector:update_all_sectors:574 - XLI (Industrials): BULL (score=+1.9) | 1d[M]: -0.2% | 5d: +0.1% | 20d: +7.04%
2026-02-19 12:14:42.527 | DEBUG    | api.yahoo_finance_client:get_price_data:120 - 📦 Cache hit for XLU
2026-02-19 12:14:42.527 | INFO     | sector_regime_detector:update_all_sectors:574 - XLU (Utilities): SIDEWAYS (score=+1.3) | 1d[M]: -1.7% | 5d: +2.3% | 20d: +6.17%
2026-02-19 12:14:42.527 | DEBUG    | api.yahoo_finance_client:get_price_data:120 - 📦 Cache hit for XLB
2026-02-19 12:14:42.527 | INFO     | sector_regime_detector:update_all_sectors:574 - XLB (Basic Materials): BULL (score=+2.1) | 1d[M]: +1.1% | 5d: -1.1% | 20d: +10.02%
2026-02-19 12:14:42.527 | DEBUG    | api.yahoo_finance_client:get_price_data:120 - 📦 Cache hit for XLC
2026-02-19 12:14:42.527 | INFO     | sector_regime_detector:update_all_sectors:574 - XLC (Communication Services): SIDEWAYS (score=-0.2) | 1d[M]: +0.5% | 5d: -1.8% | 20d: +0.99%
2026-02-19 12:14:42.527 | DEBUG    | api.yahoo_finance_client:get_price_data:120 - 📦 Cache hit for XLRE
2026-02-19 12:14:42.527 | INFO     | sector_regime_detector:update_all_sectors:574 - XLRE (Real Estate): SIDEWAYS (score=+0.8) | 1d[M]: -1.3% | 5d: +1.3% | 20d: +4.71%
2026-02-19 12:14:42.527 | INFO     | screeners.rapid_rotation_screener:_init_sector_regime:470 - ✅ Sector Regime Detector initialized
2026-02-19 12:14:42.527 | INFO     | screeners.rapid_rotation_screener:_init_alt_data:480 - ✅ Alternative Data Aggregator initialized (6 sources)
2026-02-19 12:14:42.527 | INFO     | strategies.strategy_manager:register:48 - ✅ Registered strategy: Dip-Bounce (dip_bounce)
2026-02-19 12:14:42.530 | INFO     | strategies.vix_adaptive.engine_integration:__init__:66 - VIX Adaptive v3.0: Loading...
2026-02-19 12:14:42.981 | INFO     | strategies.vix_adaptive.engine_integration:__init__:76 - VIX data loaded: VIXDataProvider(251 days, VIX range: 13.5-52.3)
2026-02-19 12:14:42.981 | INFO     | strategies.vix_adaptive.engine_integration:__init__:93 - Initial VIX: 19.62 → tier=NORMAL
2026-02-19 12:14:42.981 | INFO     | strategies.vix_adaptive.engine_integration:__init__:99 - ✅ VIX Adaptive v3.0 initialized
2026-02-19 12:14:42.981 | INFO     | strategies.vix_adaptive.engine_integration:__init__:100 -    Boundaries: {'normal_max': 20, 'skip_max': 24, 'high_max': 38}
2026-02-19 12:14:42.981 | INFO     | strategies.vix_adaptive.engine_integration:__init__:101 -    Score adaptation: True
2026-02-19 12:14:42.981 | INFO     | strategies.vix_adaptive_strategy_wrapper:__init__:48 - ✅ VIX Adaptive wrapper initialized: VIXAdaptiveIntegration(tier=NORMAL, VIX=19.6)
2026-02-19 12:14:42.981 | INFO     | strategies.strategy_manager:register:48 - ✅ Registered strategy: VIX Adaptive (vix_adaptive)
2026-02-19 12:14:42.981 | INFO     | screeners.rapid_rotation_screener:_init_strategy_manager:529 - ✅ VIX Adaptive registered (tier=normal)
2026-02-19 12:14:42.981 | INFO     | screeners.rapid_rotation_screener:_init_strategy_manager:533 - ✅ Strategy Manager initialized (2 strategies active)
2026-02-19 12:14:42.981 | INFO     | __main__:__init__:480 - Screener initialized
2026-02-19 12:14:42.981 | INFO     | __main__:__init__:508 - ✅ PreMarketGapScanner initialized (v6.11)
2026-02-19 12:14:42.981 | INFO     | __main__:__init__:522 - ✅ PEMScreener initialized (v6.29)
2026-02-19 12:14:42.984 | INFO     | strategies.vix_adaptive.engine_integration:__init__:66 - VIX Adaptive v3.0: Loading...
2026-02-19 12:14:43.025 | INFO     | strategies.vix_adaptive.engine_integration:__init__:76 - VIX data loaded: VIXDataProvider(251 days, VIX range: 13.5-52.3)
2026-02-19 12:14:43.025 | INFO     | strategies.vix_adaptive.engine_integration:__init__:93 - Initial VIX: 19.62 → tier=NORMAL
2026-02-19 12:14:43.025 | INFO     | strategies.vix_adaptive.engine_integration:__init__:99 - ✅ VIX Adaptive v3.0 initialized
2026-02-19 12:14:43.025 | INFO     | strategies.vix_adaptive.engine_integration:__init__:100 -    Boundaries: {'normal_max': 20, 'skip_max': 24, 'high_max': 38}
2026-02-19 12:14:43.025 | INFO     | strategies.vix_adaptive.engine_integration:__init__:101 -    Score adaptation: True
2026-02-19 12:14:43.025 | INFO     | __main__:__init__:534 - ✅ VIX Adaptive Strategy initialized: VIXAdaptiveIntegration(tier=NORMAL, VIX=19.6)
2026-02-19 12:14:43.025 | INFO     | __main__:__init__:541 - SLTPCalculator initialized
2026-02-19 12:14:43.872 | INFO     | engine.monitoring_metrics:__init__:131 - MonitoringMetrics initialized (window: 3600s)
2026-02-19 12:14:44.137 | INFO     | __main__:_load_positions_state:1014 - Loaded persisted state: 2 positions from DB
2026-02-19 12:14:44.137 | INFO     | __main__:_sync_positions:1341 - Restored position: FAST (peak=$46.69, trail=OFF)
2026-02-19 12:14:44.138 | DEBUG    | pdt_smart_guard:record_entry:340 - PDT Guard: Recorded entry for FAST on 2026-02-14 (ET)
2026-02-19 12:14:44.138 | INFO     | __main__:_sync_positions:1341 - Restored position: KHC (peak=$23.99, trail=OFF)
2026-02-19 12:14:44.145 | DEBUG    | pdt_smart_guard:record_entry:340 - PDT Guard: Recorded entry for KHC on 2026-02-19 (ET)
2026-02-19 12:14:44.145 | INFO     | __main__:_sync_positions:1494 - ✅ Synced 2 positions
2026-02-19 12:14:44.410 | INFO     | pdt_smart_guard:log_status:579 - ==================================================
2026-02-19 12:14:44.410 | INFO     | pdt_smart_guard:log_status:580 - PDT SMART GUARD STATUS
2026-02-19 12:14:44.410 | INFO     | pdt_smart_guard:log_status:581 - ==================================================
2026-02-19 12:14:44.410 | INFO     | pdt_smart_guard:log_status:582 - Day Trades: 4/3 (remaining: 0)
2026-02-19 12:14:44.410 | INFO     | pdt_smart_guard:log_status:583 - Reserve Active: True
2026-02-19 12:14:44.410 | INFO     | pdt_smart_guard:log_status:584 - Flagged: True
2026-02-19 12:14:44.410 | INFO     | pdt_smart_guard:log_status:587 - Positions:
2026-02-19 12:14:44.410 | INFO     | pdt_smart_guard:log_status:590 -   FAST: Day 5
2026-02-19 12:14:44.411 | INFO     | pdt_smart_guard:log_status:590 -   KHC: Day 0 ⚠️ DAY TRADE
2026-02-19 12:14:44.411 | INFO     | pdt_smart_guard:log_status:592 - ==================================================
2026-02-19 12:14:44.426 | DEBUG    | __main__:_sync_active_positions_db:981 - ✅ DB synced: 2 positions via PositionRepository
2026-02-19 12:14:44.427 | INFO     | __main__:_load_loss_counters:2761 - Loaded loss counters: consecutive=0, weekly_pnl=$-34.18
2026-02-19 12:14:44.427 | INFO     | __main__:__init__:603 - AutoTradingEngine initialized (paper=True)
2026-02-19 12:14:44.427 | INFO     | __main__:_run_loop:6328 - Trading loop started
2026-02-19 12:14:44.430 | INFO     | __main__:start:5625 - Trading engine started
