2026-02-21 14:01:12.817 | INFO     | __main__:<module>:43 - Environment loaded - Alpaca API configured: True
[32m14:01:12[0m | [1mINFO    [0m | [1mInitializing monitoring system...[0m
[32m14:01:12[0m | [1mINFO    [0m | [1mAutoMonitor loop started[0m
[32m14:01:12[0m | [1mINFO    [0m | [1mAutoMonitor started (health checks every 300s)[0m
[32m14:01:12[0m | [1mINFO    [0m | [1m✅ Automatic monitoring started (checks every 300s)[0m
[32m14:01:12[0m | [1mINFO    [0m | [1m✅ Signal handlers installed in main thread[0m
[32m14:01:12[0m | [1mINFO    [0m | [1mStarting Web Server...[0m
[32m14:01:13[0m | [33m[1mWARNING [0m | [33m[1mALERT [health]: System health warning: 1 warning(s) detected[0m
[32m14:01:13[0m | [33m[1mWARNING [0m | [33m[1mALERT [health]: System health warning: 1 warning(s) detected[0m
[32m14:01:13[0m | [1mINFO    [0m | [1mAlert created: [WARNING] System health warning: 1 warning(s) detected[0m
[32m14:01:13[0m | [33m[1mWARNING [0m | [33m[1mALERT [performance]: Performance degraded: 0.0/100[0m
[32m14:01:13[0m | [33m[1mWARNING [0m | [33m[1mALERT [performance]: Performance degraded: 0.0/100[0m
[32m14:01:13[0m | [1mINFO    [0m | [1mAlert created: [ERROR] Performance degraded: 0.0/100[0m
[32m14:01:13[0m | [33m[1mWARNING [0m | [33m[1mNo RAPID_API_SECRET set — generated ephemeral key (set env var for persistence)[0m
[32m14:01:14[0m | [1mINFO    [0m | [1m📦 Loaded 23 cached items from disk[0m
[32m14:01:14[0m | [1mINFO    [0m | [1m📦 Loaded 45 cached items from disk[0m
[32m14:01:14[0m | [1mINFO    [0m | [1m📦 Loaded 23 cached items from disk[0m
[32m14:01:14[0m | [1mINFO    [0m | [1mDataManager initialized with primary: yahoo, backup: tiingo, price_backup: tiingo, broker: No[0m
[32m14:01:14[0m | [1mINFO    [0m | [1mEnhanced Stock Analyzer initialized with strategy: swing_trading, risk: moderate[0m
[32m14:01:14[0m | [1mINFO    [0m | [1mEnhanced Stock Analyzer initialized with strategy: swing_trading[0m
[32m14:01:14[0m | [1mINFO    [0m | [1mSupport level screener initialized with AI-only universe generation[0m
[32m14:01:14[0m | [1mINFO    [0m | [1mDividend screener initialized with AI-only universe generation[0m
[32m14:01:14[0m | [1mINFO    [0m | [1mValue stock screener initialized with AI-only universe generation[0m
[32m14:01:14[0m | [1mINFO    [0m | [1m✅ Pre-market scanner initialized (FREE - Yahoo Finance + Smart Indicators)[0m
[32m14:01:14[0m | [1mINFO    [0m | [1m✅ Alternative Data sources initialized (6 sources)[0m
[32m14:01:14[0m | [1mINFO    [0m | [1m✅ Sector Rotation detector initialized[0m
[32m14:01:14[0m | [1mINFO    [0m | [1m✅ Market Regime Detector initialized[0m
[32m14:01:14[0m | [1mINFO    [0m | [1m✅ Sector Regime Detector initialized[0m
[32m14:01:14[0m | [1mINFO    [0m | [1mGrowth Catalyst Screener v3.3 initialized: Tiered Quality + Alt Data + Sector Rotation + Market Regime + SECTOR-AWARE REGIME[0m
[32m14:01:14[0m | [1mINFO    [0m | [1m   Initialized 14 screening rules[0m
[32m14:01:14[0m | [1mINFO    [0m | [1m   CRITICAL: 4 rules[0m
[32m14:01:14[0m | [1mINFO    [0m | [1m   HIGH: 6 rules[0m
[32m14:01:14[0m | [1mINFO    [0m | [1m   MEDIUM: 2 rules[0m
[32m14:01:14[0m | [1mINFO    [0m | [1m   LOW: 2 rules[0m
[32m14:01:14[0m | [1mINFO    [0m | [1m✅ Screening Rules Engine initialized with Growth Catalyst rules[0m
[32m14:01:14[0m | [1mINFO    [0m | [1m✅ Rule-Based Screening Engine initialized (v4.0)[0m
[32m14:01:14[0m | [1mINFO    [0m | [1m   Benefits: Configurable thresholds, A/B testing, performance tracking[0m
[32m14:01:14[0m | [1mINFO    [0m | [1m✅ Momentum Growth Screener v1.0 initialized[0m
[32m14:01:14[0m | [1mINFO    [0m | [1m   Using momentum & trend filters (NOT composite scores)[0m
[32m14:01:14[0m | [1mINFO    [0m | [1mWeb Server started at http://localhost:5000[0m

============================================================
  🚀 RAPID TRADING SYSTEM
  Target: 5-15% per month
============================================================

 * Serving Flask app 'web.app'
 * Debug mode: off
[31m[1mWARNING: This is a development server. Do not use it in a production deployment. Use a production WSGI server instead.[0m
 * Running on all addresses (0.0.0.0)
 * Running on http://127.0.0.1:5000
 * Running on http://192.168.7.20:5000
[33mPress CTRL+C to quit[0m
[32m14:01:14[0m | [1mINFO    [0m | [1mWebSocket client connected: B0N316P1AF0ub881AAAB (total: 1)[0m
[32m14:01:15[0m | [1mINFO    [0m | [1m✅ Loaded ALL parameters from RapidRotationConfig (v6.32)[0m
[32m14:01:15[0m | [1mINFO    [0m | [1m   SL range: 3.0%-4.0%[0m
[32m14:01:15[0m | [1mINFO    [0m | [1m   Max positions: 2[0m
[32m14:01:15[0m | [1mINFO    [0m | [1m   Regime filter: ENABLED[0m
[32m14:01:15[0m | [1mINFO    [0m | [1m   Beta filter: LOG-ONLY (beta>=0.5, atr>=3.0%)[0m
[32m14:01:15[0m | [1mINFO    [0m | [1mAlpacaAPI initialized: 150 req/60s (150 req/min)[0m
[32m14:01:15[0m | [1mINFO    [0m | [1m✅ Rate limiter enabled (150 req/min)[0m
[32m14:01:15[0m | [1mINFO    [0m | [1mAlpacaBroker initialized (paper)[0m
[32m14:01:15[0m | [1mINFO    [0m | [1m📦 Loaded 23 cached items from disk[0m
[32m14:01:15[0m | [1mINFO    [0m | [1m📦 Loaded 45 cached items from disk[0m
[32m14:01:15[0m | [1mINFO    [0m | [1m📦 Loaded 23 cached items from disk[0m
[32m14:01:15[0m | [1mINFO    [0m | [1mDataManager initialized with primary: yahoo, backup: tiingo, price_backup: tiingo, broker: Yes[0m
[32m14:01:15[0m | [1mINFO    [0m | [1mDataManager initialized with broker integration[0m
[32m14:01:15[0m | [1mINFO    [0m | [1mSafety config loaded from RapidRotationConfig[0m
[32m14:01:15[0m | [1mINFO    [0m | [1mTrading Safety System initialized[0m
[32m14:01:15[0m | [1mINFO    [0m | [1mPDT Guard: Loaded 2 entry dates from disk[0m
[32m14:01:15[0m | [1mINFO    [0m | [1mPDT Smart Guard v2.3 initialized (No Override Mode)[0m
[32m14:01:15[0m | [1mINFO    [0m | [1m  SL Threshold: -3.5%[0m
[32m14:01:15[0m | [1mINFO    [0m | [1m  TP Threshold: 8.0%[0m
[32m14:01:15[0m | [1mINFO    [0m | [1m  Reserve: 1 day trades[0m
[32m14:01:15[0m | [1mINFO    [0m | [1m  Budget = 0 → HOLD (ไม่ override PDT เด็ดขาด)[0m
[32m14:01:15[0m | [1mINFO    [0m | [1mPDT Smart Guard v2.3 initialized (No Override - uses RapidRotationConfig)[0m
[32m14:01:15[0m | [1mINFO    [0m | [1mTradeLogger initialized - logs: /home/saengtawan/work/project/cc/stock-analyzer/trade_logs, db: /home/saengtawan/work/project/cc/stock-analyzer/data/trade_history.db (direct SQLite)[0m
[32m14:01:15[0m | [1mINFO    [0m | [1mTrade Logger v1.0 initialized[0m
[32m14:01:15[0m | [1mINFO    [0m | [1mAlertManager using database storage[0m
[32m14:01:15[0m | [1mINFO    [0m | [1mAlert Manager v1.0 initialized[0m
[32m14:01:15[0m | [1mINFO    [0m | [1m🛡️ Entry Protection Filter initialized (enabled=True)[0m
[32m14:01:15[0m | [1mINFO    [0m | [1m   Layer 1: Adaptive timing (Gap Down <-1.5%: 5min, Mild: 10min, Flat: 15min, Gap Up: 20min)[0m
[32m14:01:15[0m | [1mINFO    [0m | [1m   Layer 2: Max VWAP distance 3.0%[0m
[32m14:01:15[0m | [1mINFO    [0m | [1m   Layer 3: Max chase 0.8%[0m
[32m14:01:15[0m | [1mINFO    [0m | [1m   Layer 4: Block if in top 20% of range or >2.5% from low[0m
[32m14:01:15[0m | [1mINFO    [0m | [1m✅ Entry Protection Filter v6.17 initialized[0m
[32m14:01:15[0m | [1mINFO    [0m | [1m📦 Loaded 423 sectors from cache[0m
[32m14:01:15[0m | [1mINFO    [0m | [1m✅ AI Universe Generator initialized[0m
[32m14:01:15[0m | [1mINFO    [0m | [1m✅ Market Regime Detector initialized[0m
[32m14:01:16[0m | [1mINFO    [0m | [1m📦 Loaded 23 cached items from disk[0m
[32m14:01:16[0m | [1mINFO    [0m | [1m📦 Loaded 45 cached items from disk[0m
[32m14:01:16[0m | [1mINFO    [0m | [1mStarting Rapid Portfolio Monitor...[0m
[32m14:01:16[0m | [1mINFO    [0m | [1mAlpacaAPI initialized: 150 req/60s (150 req/min)[0m
[32m14:01:16[0m | [1mINFO    [0m | [1m✅ Rate limiter enabled (150 req/min)[0m
[32m14:01:16[0m | [1mINFO    [0m | [1mAlpacaBroker initialized (paper)[0m
[32m14:01:16[0m | [1mINFO    [0m | [1m✅ Loaded 2 positions from database[0m
[32m14:01:16[0m | [1mINFO    [0m | [1mRapid Portfolio Monitor started (check every 5 minutes)[0m
[32m14:01:16[0m | [1mINFO    [0m | [1m📦 Loaded 23 cached items from disk[0m
[32m14:01:16[0m | [1mINFO    [0m | [1mDataManager initialized with primary: yahoo, backup: tiingo, price_backup: tiingo, broker: No[0m
[32m14:01:16[0m | [1mINFO    [0m | [1mUpdating sector regimes (5-min realtime, MCW)...[0m
[32m14:01:16[0m | [1mINFO    [0m | [1mBuilt sector company map: 550 stocks across 11 sectors (with market weights)[0m
[32m14:01:16[0m | [1mINFO    [0m | [1mBatch downloading 550 sector stocks for 1d returns...[0m
[32m14:01:16[0m | [1mINFO    [0m | [1mMarket-cap weighted 1d returns calculated for 11 sectors[0m
[32m14:01:16[0m | [1mINFO    [0m | [1mUsing market-cap weighted 1d returns for 11 sectors[0m
[32m14:01:16[0m | [1mINFO    [0m | [1mXLK (Technology): SIDEWAYS (score=+0.0) | 1d[M]: +0.5% | 5d: +0.9% | 20d: -2.76%[0m
[32m14:01:16[0m | [1mINFO    [0m | [1mXLE (Energy): BULL (score=+3.1) | 1d[M]: -0.4% | 5d: +1.0% | 20d: +12.21%[0m
[32m14:01:16[0m | [1mINFO    [0m | [1mXLF (Financial Services): SIDEWAYS (score=+0.4) | 1d[M]: +0.6% | 5d: +1.6% | 20d: -2.45%[0m
[32m14:01:16[0m | [1mINFO    [0m | [1mXLV (Healthcare): SIDEWAYS (score=-0.5) | 1d[M]: -0.3% | 5d: -0.5% | 20d: -0.93%[0m
[32m14:01:16[0m | [1mINFO    [0m | [1mXLY (Consumer Cyclical): SIDEWAYS (score=+0.1) | 1d[M]: +1.2% | 5d: +1.1% | 20d: -4.22%[0m
[32m14:01:16[0m | [1mINFO    [0m | [1mXLP (Consumer Defensive): SIDEWAYS (score=+0.7) | 1d[M]: -0.0% | 5d: -1.8% | 20d: +6.83%[0m
[32m14:01:16[0m | [1mINFO    [0m | [1mXLI (Industrials): BULL (score=+2.7) | 1d[M]: +0.3% | 5d: +1.8% | 20d: +7.09%[0m
[32m14:01:16[0m | [1mINFO    [0m | [1mXLU (Utilities): BULL (score=+2.2) | 1d[M]: +0.4% | 5d: -0.4% | 20d: +8.48%[0m
[32m14:01:16[0m | [1mINFO    [0m | [1mXLB (Basic Materials): BULL (score=+1.6) | 1d[M]: +0.9% | 5d: -0.7% | 20d: +6.95%[0m
[32m14:01:16[0m | [1mINFO    [0m | [1mXLC (Communication Services): BULL (score=+1.8) | 1d[M]: +2.4% | 5d: +1.9% | 20d: +0.47%[0m
[32m14:01:16[0m | [1mINFO    [0m | [1mXLRE (Real Estate): BULL (score=+1.5) | 1d[M]: +0.7% | 5d: +0.1% | 20d: +5.88%[0m
[32m14:01:16[0m | [1mINFO    [0m | [1m✅ Sector Regime Detector initialized[0m
[32m14:01:16[0m | [1mINFO    [0m | [1m✅ Alternative Data Aggregator initialized (6 sources)[0m
[32m14:01:16[0m | [1mINFO    [0m | [1m✅ Registered strategy: Dip-Bounce (dip_bounce)[0m
[32m14:01:16[0m | [1mINFO    [0m | [1mVIX Adaptive v3.0: Loading...[0m
[32m14:01:16[0m | [1mINFO    [0m | [1mVIX data loaded: VIXDataProvider(251 days, VIX range: 13.5-52.3)[0m
[32m14:01:16[0m | [1mINFO    [0m | [1mInitial VIX: 19.09 → tier=NORMAL[0m
[32m14:01:16[0m | [1mINFO    [0m | [1m✅ VIX Adaptive v3.0 initialized[0m
[32m14:01:16[0m | [1mINFO    [0m | [1m   Boundaries: {'normal_max': 20, 'skip_max': 24, 'high_max': 38}[0m
[32m14:01:16[0m | [1mINFO    [0m | [1m   Score adaptation: True[0m
[32m14:01:16[0m | [1mINFO    [0m | [1m✅ VIX Adaptive wrapper initialized: VIXAdaptiveIntegration(tier=NORMAL, VIX=19.1)[0m
[32m14:01:16[0m | [1mINFO    [0m | [1m✅ Registered strategy: VIX Adaptive (vix_adaptive)[0m
[32m14:01:16[0m | [1mINFO    [0m | [1m✅ VIX Adaptive registered (tier=normal)[0m
[32m14:01:16[0m | [1mINFO    [0m | [1m✅ Strategy Manager initialized (2 strategies active)[0m
[32m14:01:16[0m | [1mINFO    [0m | [1m🏭 Sector Filter initialized (enabled=True)[0m
[32m14:01:16[0m | [1mINFO    [0m | [1m   Excluding sectors: Aerospace, Aerospace & Defense, Basic Materials, Communication Services, Consumer Defensive, Consumer Staples, Energy, Energy/Oil, Materials, Media, Oil & Gas[0m
[32m14:01:16[0m | [1mINFO    [0m | [1mScreener initialized[0m
[32m14:01:16[0m | [1mINFO    [0m | [1m🏭 Sector Filter initialized (enabled=True)[0m
[32m14:01:16[0m | [1mINFO    [0m | [1m   Excluding sectors: Aerospace, Aerospace & Defense, Basic Materials, Communication Services, Consumer Defensive, Consumer Staples, Energy, Energy/Oil, Materials, Media, Oil & Gas[0m
[32m14:01:16[0m | [1mINFO    [0m | [1mOvernightGapScanner initialized[0m
[32m14:01:16[0m | [1mINFO    [0m | [1m✅ PreMarketGapScanner initialized (v6.11)[0m
[32m14:01:16[0m | [1mINFO    [0m | [1m🏭 Sector Filter initialized (enabled=True)[0m
[32m14:01:16[0m | [1mINFO    [0m | [1m   Excluding sectors: Aerospace, Aerospace & Defense, Basic Materials, Communication Services, Consumer Defensive, Consumer Staples, Energy, Energy/Oil, Materials, Media, Oil & Gas[0m
[32m14:01:16[0m | [1mINFO    [0m | [1m✅ PEMScreener initialized (v6.29)[0m
[32m14:01:17[0m | [1mINFO    [0m | [1mVIX Adaptive v3.0: Loading...[0m
[32m14:01:17[0m | [1mINFO    [0m | [1mVIX data loaded: VIXDataProvider(251 days, VIX range: 13.5-52.3)[0m
[32m14:01:17[0m | [1mINFO    [0m | [1mInitial VIX: 19.09 → tier=NORMAL[0m
[32m14:01:17[0m | [1mINFO    [0m | [1m✅ VIX Adaptive v3.0 initialized[0m
[32m14:01:17[0m | [1mINFO    [0m | [1m   Boundaries: {'normal_max': 20, 'skip_max': 24, 'high_max': 38}[0m
[32m14:01:17[0m | [1mINFO    [0m | [1m   Score adaptation: True[0m
[32m14:01:17[0m | [1mINFO    [0m | [1m✅ VIX Adaptive Strategy initialized: VIXAdaptiveIntegration(tier=NORMAL, VIX=19.1)[0m
[32m14:01:17[0m | [1mINFO    [0m | [1mSLTPCalculator initialized[0m
[32m14:01:17[0m | [1mINFO    [0m | [1mFAST: After-hours $46.50 (regular close $46.22)[0m
[32m14:01:17[0m | [1mINFO    [0m | [1mKHC: After-hours $24.40 (regular close $24.4)[0m
[32m14:01:17[0m | [1mINFO    [0m | [1mStarting Real-time Price Streamer...[0m
[32m14:01:17[0m | [1mINFO    [0m | [1mAlpacaStreamer v1.1 initialized (paper=True, feed=IEX)[0m
[32m14:01:17[0m | [1mINFO    [0m | [1mQueued subscription for: ['FAST', 'KHC'][0m
[32m14:01:17[0m | [1mINFO    [0m | [1m📡 Subscribed to real-time prices: ['FAST', 'KHC'][0m
[32m14:01:17[0m | [1mINFO    [0m | [1mAlpacaStreamer started[0m
[32m14:01:17[0m | [1mINFO    [0m | [1m✅ Real-time Price Streamer started (WebSocket active!)[0m
[32m14:01:17[0m | [1mINFO    [0m | [1mStreaming started for: ['FAST', 'KHC'][0m
[32m14:01:17[0m | [1mINFO    [0m | [1mMonitoringMetrics initialized (window: 3600s)[0m
[32m14:01:18[0m | [1mINFO    [0m | [1mLoaded persisted state: 2 positions from DB[0m
[32m14:01:18[0m | [1mINFO    [0m | [1mRestored position: FAST (peak=$46.69, trail=OFF)[0m
[32m14:01:18[0m | [1mINFO    [0m | [1mRestored position: KHC (peak=$24.43, trail=OFF)[0m
[32m14:01:18[0m | [1mINFO    [0m | [1m✅ Synced 2 positions[0m
[32m14:01:18[0m | [1mINFO    [0m | [1m==================================================[0m
[32m14:01:18[0m | [1mINFO    [0m | [1mPDT SMART GUARD STATUS[0m
[32m14:01:18[0m | [1mINFO    [0m | [1m==================================================[0m
[32m14:01:18[0m | [1mINFO    [0m | [1mDay Trades: 1/3 (remaining: 2)[0m
[32m14:01:18[0m | [1mINFO    [0m | [1mReserve Active: False[0m
[32m14:01:18[0m | [1mINFO    [0m | [1mFlagged: True[0m
[32m14:01:18[0m | [1mINFO    [0m | [1mPositions:[0m
[32m14:01:18[0m | [1mINFO    [0m | [1m  FAST: Day 7[0m
[32m14:01:18[0m | [1mINFO    [0m | [1m  KHC: Day 2[0m
[32m14:01:18[0m | [1mINFO    [0m | [1m==================================================[0m
[32m14:01:18[0m | [1mINFO    [0m | [1mLoaded loss counters: consecutive=0, weekly_pnl=$-34.18[0m
[32m14:01:18[0m | [1mINFO    [0m | [1mAutoTradingEngine initialized (paper=True)[0m
[32m14:01:18[0m | [1mINFO    [0m | [1mTrading loop started[0m
[32m14:01:18[0m | [1mINFO    [0m | [1mTrading engine started[0m
[32m14:01:18[0m | [1mINFO    [0m | [1mHealth Checker started (check every 5 minutes)[0m
[32m14:01:18[0m | [1mINFO    [0m | [1mUniverse Maintenance Scheduler started (daily at 2:00 AM)[0m
[32m14:01:19[0m | [1mINFO    [0m | [1mPortfolio API: market_open=False, extended_prices=['FAST'][0m
[32m14:01:19[0m | [1mINFO    [0m | [1mFAST: Using after-hours price $46.50[0m
[32m14:01:19[0m | [1mINFO    [0m | [1mKHC: Using broker price $24.40 (market_open=False, in_extended=False)[0m
[32m14:01:20[0m | [1mINFO    [0m | [1m✅ Market Regime: BULL: SMA20=OK(+0.1%) | RSI=OK(48) | Ret5d=OK(+1.2%) | VIX=OK(19.1)[0m
[32m14:01:20[0m | [1mINFO    [0m | [1m🔴 Consumer Cyclical return_20d=-4.2% < -3% → BLOCKED (absolute)[0m
[32m14:01:20[0m | [1mINFO    [0m | [1m🔴 Technology return_20d=-2.8% (bottom 2) → BLOCKED (relative)[0m
[32m14:01:20[0m | [1mINFO    [0m | [1m⛔ Weak sectors blocked: ['Consumer Cyclical', 'Technology'][0m
[32m14:01:20[0m | [1mINFO    [0m | [1mScanning for signals (regime: BULL, blocked: ['Consumer Cyclical', 'Technology'])...[0m
[32m14:01:20[0m | [1mINFO    [0m | [1m📦 Using pre-filtered pool: 280 stocks (age: 2.8h)[0m
[32m14:01:20[0m | [1mINFO    [0m | [1m🔥 Hot sectors: Energy, Industrials, Utilities, Basic Materials, Communication Services, Real Estate[0m
[32m14:01:20[0m | [1mINFO    [0m | [1m📊 Loading data for 280 stocks via yfinance (parallel)...[0m
