2026-02-20 15:26:43.252 | INFO     | __main__:_load_config_from_yaml:907 - ✅ Loaded ALL parameters from RapidRotationConfig (v6.32)
2026-02-20 15:26:43.252 | INFO     | __main__:_load_config_from_yaml:908 -    SL range: 3.0%-4.0%
2026-02-20 15:26:43.252 | INFO     | __main__:_load_config_from_yaml:909 -    Max positions: 2
2026-02-20 15:26:43.252 | INFO     | __main__:_load_config_from_yaml:910 -    Regime filter: ENABLED
2026-02-20 15:26:43.252 | INFO     | __main__:_load_config_from_yaml:913 -    Beta filter: LOG-ONLY (beta>=0.5, atr>=3.0%)
2026-02-20 15:26:43.252 | INFO     | engine.rate_limiter:__init__:78 - AlpacaAPI initialized: 150 req/60s (150 req/min)
2026-02-20 15:26:43.252 | INFO     | engine.brokers.alpaca_broker:__init__:222 - ✅ Rate limiter enabled (150 req/min)
2026-02-20 15:26:43.252 | INFO     | engine.brokers.alpaca_broker:__init__:227 - AlpacaBroker initialized (paper)
2026-02-20 15:26:43.932 | INFO     | api.base_client:_load_disk_cache:220 - 📦 Loaded 11 cached items from disk
2026-02-20 15:26:44.213 | INFO     | api.base_client:_load_disk_cache:220 - 📦 Loaded 24 cached items from disk
2026-02-20 15:26:44.491 | INFO     | api.base_client:_load_disk_cache:220 - 📦 Loaded 11 cached items from disk
2026-02-20 15:26:44.499 | INFO     | api.data_manager:__init__:80 - DataManager initialized with primary: yahoo, backup: tiingo, price_backup: tiingo, broker: Yes
2026-02-20 15:26:44.499 | INFO     | __main__:__init__:445 - DataManager initialized with broker integration
2026-02-20 15:26:44.499 | INFO     | trading_safety:_load_from_rapid_config:145 - Safety config loaded from RapidRotationConfig
2026-02-20 15:26:44.499 | DEBUG    | trading_safety:_load_from_rapid_config:146 -   DAILY_LOSS_LIMIT: 5.0%
2026-02-20 15:26:44.499 | DEBUG    | trading_safety:_load_from_rapid_config:147 -   MAX_POSITIONS: 2
2026-02-20 15:26:44.499 | DEBUG    | trading_safety:_load_from_rapid_config:148 -   MAX_HOLD_DAYS: 7
2026-02-20 15:26:44.499 | INFO     | trading_safety:__init__:129 - Trading Safety System initialized
2026-02-20 15:26:44.506 | INFO     | pdt_smart_guard:_load_entry_dates:326 - PDT Guard: Loaded 2 entry dates from disk
2026-02-20 15:26:44.506 | INFO     | pdt_smart_guard:__init__:255 - PDT Smart Guard v2.3 initialized (No Override Mode)
2026-02-20 15:26:44.506 | INFO     | pdt_smart_guard:__init__:256 -   SL Threshold: -3.5%
2026-02-20 15:26:44.506 | INFO     | pdt_smart_guard:__init__:257 -   TP Threshold: 8.0%
2026-02-20 15:26:44.506 | INFO     | pdt_smart_guard:__init__:258 -   Reserve: 1 day trades
2026-02-20 15:26:44.506 | INFO     | pdt_smart_guard:__init__:259 -   Budget = 0 → HOLD (ไม่ override PDT เด็ดขาด)
2026-02-20 15:26:44.506 | INFO     | __main__:__init__:459 - PDT Smart Guard v2.3 initialized (No Override - uses RapidRotationConfig)
2026-02-20 15:26:44.516 | INFO     | trade_logger:__init__:235 - TradeLogger initialized - logs: /home/saengtawan/work/project/cc/stock-analyzer/trade_logs, db: /home/saengtawan/work/project/cc/stock-analyzer/data/trade_history.db (direct SQLite)
2026-02-20 15:26:44.516 | INFO     | __main__:__init__:463 - Trade Logger v1.0 initialized
2026-02-20 15:26:44.517 | INFO     | alert_manager:__init__:54 - AlertManager using database storage
2026-02-20 15:26:44.517 | INFO     | __main__:__init__:468 - Alert Manager v1.0 initialized
2026-02-20 15:26:44.517 | INFO     | filters.entry_protection_filter:__init__:94 - 🛡️ Entry Protection Filter initialized (enabled=True)
2026-02-20 15:26:44.517 | INFO     | filters.entry_protection_filter:__init__:97 -    Layer 1: Adaptive timing (Gap Down <-1.5%: 5min, Mild: 10min, Flat: 15min, Gap Up: 20min)
2026-02-20 15:26:44.517 | INFO     | filters.entry_protection_filter:__init__:100 -    Layer 2: Max VWAP distance 3.0%
2026-02-20 15:26:44.517 | INFO     | filters.entry_protection_filter:__init__:101 -    Layer 3: Max chase 0.8%
2026-02-20 15:26:44.517 | INFO     | filters.entry_protection_filter:__init__:102 -    Layer 4: Block if in top 20% of range or >2.5% from low
2026-02-20 15:26:44.517 | INFO     | __main__:__init__:474 - ✅ Entry Protection Filter v6.17 initialized
2026-02-20 15:26:44.529 | DEBUG    | screeners.rapid_rotation_screener:__init__:221 - Loaded RapidRotationConfig from /home/saengtawan/work/project/cc/stock-analyzer/config/trading.yaml
2026-02-20 15:26:44.530 | INFO     | screeners.rapid_rotation_screener:_load_sector_cache:851 - 📦 Loaded 423 sectors from cache
2026-02-20 15:26:44.531 | INFO     | screeners.rapid_rotation_screener:_init_ai_universe:452 - ✅ AI Universe Generator initialized
2026-02-20 15:26:44.531 | INFO     | screeners.rapid_rotation_screener:_init_market_regime:462 - ✅ Market Regime Detector initialized
2026-02-20 15:26:44.801 | INFO     | api.base_client:_load_disk_cache:220 - 📦 Loaded 11 cached items from disk
2026-02-20 15:26:45.093 | INFO     | api.base_client:_load_disk_cache:220 - 📦 Loaded 24 cached items from disk
2026-02-20 15:26:45.369 | INFO     | api.base_client:_load_disk_cache:220 - 📦 Loaded 11 cached items from disk
2026-02-20 15:26:45.377 | INFO     | api.data_manager:__init__:80 - DataManager initialized with primary: yahoo, backup: tiingo, price_backup: tiingo, broker: No
2026-02-20 15:26:45.377 | INFO     | sector_regime_detector:update_all_sectors:527 - Updating sector regimes (5-min realtime, MCW)...
2026-02-20 15:26:45.378 | INFO     | sector_regime_detector:_build_sector_company_map:309 - Built sector company map: 550 stocks across 11 sectors (with market weights)
2026-02-20 15:26:45.378 | INFO     | sector_regime_detector:_fetch_stock_based_1d_returns:339 - Batch downloading 550 sector stocks for 1d returns...
2026-02-20 15:26:45.378 | INFO     | api.yahoo_finance_client:_smart_throttle:54 - 🚀 Starting Yahoo Finance session...

1 Failed download:
['FYBR']: YFPricesMissingError('possibly delisted; no price data found  (period=5d)')
2026-02-20 15:26:57.952 | INFO     | api.yahoo_finance_client:batch_download_prices:644 - Batch downloaded 550 symbols (5 rows)
2026-02-20 15:26:57.973 | DEBUG    | sector_regime_detector:_fetch_stock_based_1d_returns:401 - Technology (XLK): MCW 1d = -0.44% (50/50 stocks, weight=88.7%)
2026-02-20 15:26:57.973 | DEBUG    | sector_regime_detector:_fetch_stock_based_1d_returns:401 - Energy (XLE): MCW 1d = +0.74% (50/50 stocks, weight=91.6%)
2026-02-20 15:26:57.974 | DEBUG    | sector_regime_detector:_fetch_stock_based_1d_returns:401 - Financial Services (XLF): MCW 1d = -0.84% (50/50 stocks, weight=77.4%)
2026-02-20 15:26:57.974 | DEBUG    | sector_regime_detector:_fetch_stock_based_1d_returns:401 - Healthcare (XLV): MCW 1d = -0.20% (50/50 stocks, weight=81.4%)
2026-02-20 15:26:57.974 | DEBUG    | sector_regime_detector:_fetch_stock_based_1d_returns:401 - Consumer Cyclical (XLY): MCW 1d = -0.48% (50/50 stocks, weight=85.9%)
2026-02-20 15:26:57.974 | DEBUG    | sector_regime_detector:_fetch_stock_based_1d_returns:401 - Consumer Defensive (XLP): MCW 1d = -0.47% (50/50 stocks, weight=96.5%)
2026-02-20 15:26:57.974 | DEBUG    | sector_regime_detector:_fetch_stock_based_1d_returns:401 - Industrials (XLI): MCW 1d = +1.07% (50/50 stocks, weight=68.9%)
2026-02-20 15:26:57.974 | DEBUG    | sector_regime_detector:_fetch_stock_based_1d_returns:401 - Utilities (XLU): MCW 1d = +1.03% (50/50 stocks, weight=97.4%)
2026-02-20 15:26:57.975 | DEBUG    | sector_regime_detector:_fetch_stock_based_1d_returns:401 - Basic Materials (XLB): MCW 1d = -0.09% (50/50 stocks, weight=92.7%)
2026-02-20 15:26:57.975 | DEBUG    | sector_regime_detector:_fetch_stock_based_1d_returns:401 - Communication Services (XLC): MCW 1d = +0.08% (49/50 stocks, weight=99.0%)
2026-02-20 15:26:57.975 | DEBUG    | sector_regime_detector:_fetch_stock_based_1d_returns:401 - Real Estate (XLRE): MCW 1d = -0.24% (50/50 stocks, weight=81.8%)
2026-02-20 15:26:57.975 | INFO     | sector_regime_detector:_fetch_stock_based_1d_returns:407 - Market-cap weighted 1d returns calculated for 11 sectors
2026-02-20 15:26:57.975 | INFO     | sector_regime_detector:update_all_sectors:532 - Using market-cap weighted 1d returns for 11 sectors
2026-02-20 15:26:59.509 | DEBUG    | api.yahoo_finance_client:get_price_data:151 - ✅ Retrieved 22 rows for XLK
2026-02-20 15:26:59.509 | INFO     | sector_regime_detector:update_all_sectors:574 - XLK (Technology): SIDEWAYS (score=-0.4) | 1d[M]: -0.4% | 5d: +0.7% | 20d: -2.50%
2026-02-20 15:27:01.073 | DEBUG    | api.yahoo_finance_client:get_price_data:151 - ✅ Retrieved 22 rows for XLE
2026-02-20 15:27:01.074 | INFO     | sector_regime_detector:update_all_sectors:574 - XLE (Energy): STRONG BULL (score=+4.3) | 1d[M]: +0.7% | 5d: +2.2% | 20d: +13.19%
2026-02-20 15:27:02.530 | DEBUG    | api.yahoo_finance_client:get_price_data:151 - ✅ Retrieved 22 rows for XLF
2026-02-20 15:27:02.531 | INFO     | sector_regime_detector:update_all_sectors:574 - XLF (Financial Services): SIDEWAYS (score=-0.6) | 1d[M]: -0.8% | 5d: +0.9% | 20d: -2.45%
2026-02-20 15:27:03.795 | DEBUG    | api.yahoo_finance_client:get_price_data:151 - ✅ Retrieved 22 rows for XLV
2026-02-20 15:27:03.795 | INFO     | sector_regime_detector:update_all_sectors:574 - XLV (Healthcare): SIDEWAYS (score=+0.1) | 1d[M]: -0.2% | 5d: +0.8% | 20d: -0.63%
2026-02-20 15:27:05.025 | DEBUG    | api.yahoo_finance_client:get_price_data:151 - ✅ Retrieved 22 rows for XLY
2026-02-20 15:27:05.026 | INFO     | sector_regime_detector:update_all_sectors:574 - XLY (Consumer Cyclical): SIDEWAYS (score=-1.0) | 1d[M]: -0.5% | 5d: +0.1% | 20d: -4.25%
2026-02-20 15:27:06.628 | DEBUG    | api.yahoo_finance_client:get_price_data:151 - ✅ Retrieved 22 rows for XLP
2026-02-20 15:27:06.628 | INFO     | sector_regime_detector:update_all_sectors:574 - XLP (Consumer Defensive): SIDEWAYS (score=+0.5) | 1d[M]: -0.5% | 5d: -1.7% | 20d: +6.34%
2026-02-20 15:27:07.760 | DEBUG    | api.yahoo_finance_client:get_price_data:151 - ✅ Retrieved 22 rows for XLI
2026-02-20 15:27:07.760 | INFO     | sector_regime_detector:update_all_sectors:574 - XLI (Industrials): BULL (score=+2.9) | 1d[M]: +1.1% | 5d: +2.1% | 20d: +6.00%
2026-02-20 15:27:08.925 | DEBUG    | api.yahoo_finance_client:get_price_data:151 - ✅ Retrieved 22 rows for XLU
2026-02-20 15:27:08.926 | INFO     | sector_regime_detector:update_all_sectors:574 - XLU (Utilities): BULL (score=+2.6) | 1d[M]: +1.0% | 5d: +1.9% | 20d: +7.18%
2026-02-20 15:27:10.238 | DEBUG    | api.yahoo_finance_client:get_price_data:151 - ✅ Retrieved 22 rows for XLB
2026-02-20 15:27:10.238 | INFO     | sector_regime_detector:update_all_sectors:574 - XLB (Basic Materials): SIDEWAYS (score=+1.4) | 1d[M]: -0.1% | 5d: +0.0% | 20d: +7.29%
2026-02-20 15:27:11.392 | DEBUG    | api.yahoo_finance_client:get_price_data:151 - ✅ Retrieved 22 rows for XLC
2026-02-20 15:27:11.393 | INFO     | sector_regime_detector:update_all_sectors:574 - XLC (Communication Services): SIDEWAYS (score=+0.3) | 1d[M]: +0.1% | 5d: +0.4% | 20d: +0.44%
2026-02-20 15:27:12.813 | DEBUG    | api.yahoo_finance_client:get_price_data:151 - ✅ Retrieved 22 rows for XLRE
2026-02-20 15:27:12.814 | INFO     | sector_regime_detector:update_all_sectors:574 - XLRE (Real Estate): SIDEWAYS (score=+1.0) | 1d[M]: -0.2% | 5d: +0.8% | 20d: +3.97%
2026-02-20 15:27:12.814 | INFO     | screeners.rapid_rotation_screener:_init_sector_regime:476 - ✅ Sector Regime Detector initialized
2026-02-20 15:27:12.821 | INFO     | screeners.rapid_rotation_screener:_init_alt_data:486 - ✅ Alternative Data Aggregator initialized (6 sources)
2026-02-20 15:27:12.821 | INFO     | strategies.strategy_manager:register:48 - ✅ Registered strategy: Dip-Bounce (dip_bounce)
2026-02-20 15:27:12.829 | INFO     | strategies.vix_adaptive.engine_integration:__init__:66 - VIX Adaptive v3.0: Loading...
2026-02-20 15:27:12.897 | INFO     | strategies.vix_adaptive.engine_integration:__init__:76 - VIX data loaded: VIXDataProvider(251 days, VIX range: 13.5-52.3)
2026-02-20 15:27:12.897 | INFO     | strategies.vix_adaptive.engine_integration:__init__:93 - Initial VIX: 20.23 → tier=SKIP
2026-02-20 15:27:12.897 | INFO     | strategies.vix_adaptive.engine_integration:__init__:99 - ✅ VIX Adaptive v3.0 initialized
2026-02-20 15:27:12.897 | INFO     | strategies.vix_adaptive.engine_integration:__init__:100 -    Boundaries: {'normal_max': 20, 'skip_max': 24, 'high_max': 38}
2026-02-20 15:27:12.897 | INFO     | strategies.vix_adaptive.engine_integration:__init__:101 -    Score adaptation: True
2026-02-20 15:27:12.897 | INFO     | strategies.vix_adaptive_strategy_wrapper:__init__:48 - ✅ VIX Adaptive wrapper initialized: VIXAdaptiveIntegration(tier=SKIP, VIX=20.2)
2026-02-20 15:27:12.897 | INFO     | strategies.strategy_manager:register:48 - ✅ Registered strategy: VIX Adaptive (vix_adaptive)
2026-02-20 15:27:12.897 | INFO     | screeners.rapid_rotation_screener:_init_strategy_manager:535 - ✅ VIX Adaptive registered (tier=skip)
2026-02-20 15:27:12.897 | INFO     | screeners.rapid_rotation_screener:_init_strategy_manager:539 - ✅ Strategy Manager initialized (2 strategies active)
2026-02-20 15:27:12.897 | INFO     | filters.sector_filter:__init__:53 - 🏭 Sector Filter initialized (enabled=True)
2026-02-20 15:27:12.897 | INFO     | filters.sector_filter:__init__:54 -    Excluding sectors: Aerospace, Aerospace & Defense, Basic Materials, Communication Services, Consumer Defensive, Consumer Staples, Energy, Energy/Oil, Materials, Media, Oil & Gas
2026-02-20 15:27:12.897 | INFO     | __main__:__init__:484 - Screener initialized
2026-02-20 15:27:12.898 | INFO     | __main__:__init__:497 - OvernightGapScanner initialized
2026-02-20 15:27:12.898 | INFO     | __main__:__init__:512 - ✅ PreMarketGapScanner initialized (v6.11)
2026-02-20 15:27:12.899 | INFO     | __main__:__init__:526 - ✅ PEMScreener initialized (v6.29)
2026-02-20 15:27:12.902 | INFO     | strategies.vix_adaptive.engine_integration:__init__:66 - VIX Adaptive v3.0: Loading...
2026-02-20 15:27:12.907 | INFO     | strategies.vix_adaptive.engine_integration:__init__:76 - VIX data loaded: VIXDataProvider(251 days, VIX range: 13.5-52.3)
2026-02-20 15:27:12.907 | INFO     | strategies.vix_adaptive.engine_integration:__init__:93 - Initial VIX: 20.23 → tier=SKIP
2026-02-20 15:27:12.907 | INFO     | strategies.vix_adaptive.engine_integration:__init__:99 - ✅ VIX Adaptive v3.0 initialized
2026-02-20 15:27:12.907 | INFO     | strategies.vix_adaptive.engine_integration:__init__:100 -    Boundaries: {'normal_max': 20, 'skip_max': 24, 'high_max': 38}
2026-02-20 15:27:12.907 | INFO     | strategies.vix_adaptive.engine_integration:__init__:101 -    Score adaptation: True
2026-02-20 15:27:12.907 | INFO     | __main__:__init__:538 - ✅ VIX Adaptive Strategy initialized: VIXAdaptiveIntegration(tier=SKIP, VIX=20.2)
2026-02-20 15:27:12.907 | INFO     | __main__:__init__:545 - SLTPCalculator initialized
2026-02-20 15:27:13.680 | INFO     | engine.monitoring_metrics:__init__:131 - MonitoringMetrics initialized (window: 3600s)
2026-02-20 15:27:13.924 | INFO     | __main__:_load_positions_state:1022 - Loaded persisted state: 2 positions from DB
2026-02-20 15:27:13.925 | INFO     | __main__:_sync_positions:1349 - Restored position: FAST (peak=$46.69, trail=OFF)
2026-02-20 15:27:13.926 | DEBUG    | pdt_smart_guard:record_entry:340 - PDT Guard: Recorded entry for FAST on 2026-02-14 (ET)
2026-02-20 15:27:13.926 | INFO     | __main__:_sync_positions:1349 - Restored position: KHC (peak=$24.25, trail=OFF)
2026-02-20 15:27:13.927 | DEBUG    | pdt_smart_guard:record_entry:340 - PDT Guard: Recorded entry for KHC on 2026-02-19 (ET)
2026-02-20 15:27:13.927 | INFO     | __main__:_sync_positions:1502 - ✅ Synced 2 positions
2026-02-20 15:27:14.172 | INFO     | pdt_smart_guard:log_status:579 - ==================================================
2026-02-20 15:27:14.173 | INFO     | pdt_smart_guard:log_status:580 - PDT SMART GUARD STATUS
2026-02-20 15:27:14.173 | INFO     | pdt_smart_guard:log_status:581 - ==================================================
2026-02-20 15:27:14.173 | INFO     | pdt_smart_guard:log_status:582 - Day Trades: 1/3 (remaining: 2)
2026-02-20 15:27:14.173 | INFO     | pdt_smart_guard:log_status:583 - Reserve Active: False
2026-02-20 15:27:14.173 | INFO     | pdt_smart_guard:log_status:584 - Flagged: True
2026-02-20 15:27:14.173 | INFO     | pdt_smart_guard:log_status:587 - Positions:
2026-02-20 15:27:14.173 | INFO     | pdt_smart_guard:log_status:590 -   FAST: Day 6
2026-02-20 15:27:14.173 | INFO     | pdt_smart_guard:log_status:590 -   KHC: Day 1
2026-02-20 15:27:14.173 | INFO     | pdt_smart_guard:log_status:592 - ==================================================
2026-02-20 15:27:14.185 | DEBUG    | __main__:_sync_active_positions_db:989 - ✅ DB synced: 2 positions via PositionRepository
2026-02-20 15:27:14.186 | INFO     | __main__:_load_queue_state:1074 - Loaded persisted queue: 3 signals (saved at 2026-02-20T00:31:04.112784)
2026-02-20 15:27:14.187 | INFO     | __main__:_load_loss_counters:2859 - Loaded loss counters: consecutive=0, weekly_pnl=$-34.18
2026-02-20 15:27:14.187 | INFO     | __main__:__init__:607 - AutoTradingEngine initialized (paper=True)
2026-02-20 15:27:14.188 | INFO     | __main__:_run_loop:6426 - Trading loop started
2026-02-20 15:27:14.193 | INFO     | __main__:start:5723 - Trading engine started
2026-02-20 15:33:22.540 | INFO     | __main__:signal_handler:7056 - Shutdown signal received
2026-02-20 15:33:22.551 | DEBUG    | __main__:_sync_active_positions_db:989 - ✅ DB synced: 2 positions via PositionRepository
2026-02-20 15:33:22.551 | INFO     | __main__:stop:5731 - Saved 2 position(s) state on shutdown
2026-02-20 15:33:22.551 | INFO     | __main__:stop:5732 - Trading engine stopped
